2026-03-09 18:35:36 [DS2.Main       ] INFO  DS2 Configuration:
2026-03-09 18:35:36 [DS2.Main       ] INFO    flink_rest_url    = http://192.168.56.151:8081
2026-03-09 18:35:36 [DS2.Main       ] INFO    flink_job_name    = Seismic-Stream-Job
2026-03-09 18:35:36 [DS2.Main       ] INFO    policy_interval   = 15s
2026-03-09 18:35:36 [DS2.Main       ] INFO    warm_up_time      = 30s
2026-03-09 18:35:36 [DS2.Main       ] INFO    activation_window = 3
2026-03-09 18:35:36 [DS2.Main       ] INFO    target_rate_ratio = 1.5
2026-03-09 18:35:36 [DS2.Main       ] INFO    parallelism range = [1, 8]
2026-03-09 18:35:36 [DS2.Main       ] INFO    target_jar_name   = flink-rocketmq-demo-1.0-SNAPSHOT
2026-03-09 18:35:36 [DS2.Main       ] INFO    operator_mapping  = 7 operators:
2026-03-09 18:35:36 [DS2.Main       ] INFO      source       keyword='RocketMQ-Source'  arg='p-source'  default_p=1
2026-03-09 18:35:36 [DS2.Main       ] INFO      filter       keyword='Hardware-Filter'  arg='p-filter'  default_p=2
2026-03-09 18:35:36 [DS2.Main       ] INFO      signal       keyword='Signal-Extraction'  arg='p-signal'  default_p=2
2026-03-09 18:35:36 [DS2.Main       ] INFO      feature      keyword='Feature-Extraction'  arg='p-feature'  default_p=2
2026-03-09 18:35:36 [DS2.Main       ] INFO      grid         keyword='Grid-Aggregation'  arg='p-grid'  default_p=2
2026-03-09 18:35:36 [DS2.Main       ] INFO      sink_event   keyword='EventFeature-Sink'  arg='p-sink'  default_p=1
2026-03-09 18:35:36 [DS2.Main       ] INFO      sink_grid    keyword='GridSummary-Sink'  arg='p-sink'  default_p=4
2026-03-09 18:35:36 [DS2.Main       ] INFO  MODE: dry-run (no scaling will be executed)
2026-03-09 18:35:36 [urllib3.connectionpool] DEBUG Starting new HTTP connection (1): 192.168.56.151:8081
2026-03-09 18:35:36 [urllib3.connectionpool] DEBUG http://192.168.56.151:8081 "GET /overview HTTP/11" 200 175
2026-03-09 18:35:36 [DS2.FlinkClient] INFO  Connected to Flink 1.17.2
2026-03-09 18:35:36 [urllib3.connectionpool] DEBUG http://192.168.56.151:8081 "GET /jobs/overview HTTP/11" 200 349
2026-03-09 18:35:36 [urllib3.connectionpool] DEBUG http://192.168.56.151:8081 "GET /jobs/af1c3e040bf271e8911d2b60efc15546 HTTP/11" 200 6984
2026-03-09 18:35:36 [DS2.DryRun     ] INFO  Job: Seismic-Stream-Job (af1c3e040bf271e8911d2b60efc15546)
2026-03-09 18:35:36 [DS2.DryRun     ] INFO  Vertices (7):
2026-03-09 18:35:36 [DS2.DryRun     ] INFO    Source: RocketMQ-Source -> Watermark-Assigner  P=1  arg=p-source
2026-03-09 18:35:36 [DS2.DryRun     ] INFO    Hardware-Filter  P=2  arg=p-filter
2026-03-09 18:35:36 [DS2.DryRun     ] INFO    Signal-Extraction  P=2  arg=p-signal
2026-03-09 18:35:36 [DS2.DryRun     ] INFO    Feature-Extraction  P=2  arg=p-feature
2026-03-09 18:35:36 [DS2.DryRun     ] INFO    Grid-Aggregation  P=2  arg=p-grid
2026-03-09 18:35:36 [DS2.DryRun     ] INFO    Sink: GridSummary-Sink  P=3  arg=p-sink
2026-03-09 18:35:36 [DS2.DryRun     ] INFO    Sink: EventFeature-Sink  P=3  arg=p-sink
2026-03-09 18:35:36 [DS2.DryRun     ] INFO  Edges (6):
2026-03-09 18:35:36 [DS2.DryRun     ] INFO    Grid-Aggregation -> Sink: GridSummary-Sink
2026-03-09 18:35:36 [DS2.DryRun     ] INFO    Feature-Extraction -> Grid-Aggregation
2026-03-09 18:35:36 [DS2.DryRun     ] INFO    Feature-Extraction -> Sink: EventFeature-Sink
2026-03-09 18:35:36 [DS2.DryRun     ] INFO    Signal-Extraction -> Feature-Extraction
2026-03-09 18:35:36 [DS2.DryRun     ] INFO    Hardware-Filter -> Signal-Extraction
2026-03-09 18:35:36 [DS2.DryRun     ] INFO    Source: RocketMQ-Source -> Watermark-Assigner -> Hardware-Filter
2026-03-09 18:35:36 [DS2.DryRun     ] INFO  
Topological order:
2026-03-09 18:35:36 [DS2.DryRun     ] INFO    1. Source: RocketMQ-Source -> Watermark-Assigner
2026-03-09 18:35:36 [DS2.DryRun     ] INFO    2. Hardware-Filter
2026-03-09 18:35:36 [DS2.DryRun     ] INFO    3. Signal-Extraction
2026-03-09 18:35:36 [DS2.DryRun     ] INFO    4. Feature-Extraction
2026-03-09 18:35:36 [DS2.DryRun     ] INFO    5. Grid-Aggregation
2026-03-09 18:35:36 [DS2.DryRun     ] INFO    6. Sink: EventFeature-Sink
2026-03-09 18:35:36 [DS2.DryRun     ] INFO    7. Sink: GridSummary-Sink
2026-03-09 18:35:36 [DS2.DryRun     ] INFO  
--- Sample 1 ---
2026-03-09 18:35:36 [urllib3.connectionpool] DEBUG http://192.168.56.151:8081 "GET /jobs/af1c3e040bf271e8911d2b60efc15546/vertices/cbc357ccb763df2852fee8c4fc7d55f2/subtasks/metrics?get=numRecordsIn,numRecordsOut,accumulateBusyTimeMs HTTP/11" 200 220
2026-03-09 18:35:36 [urllib3.connectionpool] DEBUG http://192.168.56.151:8081 "GET /jobs/af1c3e040bf271e8911d2b60efc15546/vertices/9dd63673dd41ea021b896d5203f3ba7c/subtasks/metrics?get=numRecordsIn,numRecordsOut,accumulateBusyTimeMs HTTP/11" 200 240
2026-03-09 18:35:36 [urllib3.connectionpool] DEBUG http://192.168.56.151:8081 "GET /jobs/af1c3e040bf271e8911d2b60efc15546/vertices/1a936cb48657826a536f331e9fb33b5e/subtasks/metrics?get=numRecordsIn,numRecordsOut,accumulateBusyTimeMs HTTP/11" 200 234
2026-03-09 18:35:36 [urllib3.connectionpool] DEBUG http://192.168.56.151:8081 "GET /jobs/af1c3e040bf271e8911d2b60efc15546/vertices/aa0083b97ffaad66a1e3b93651ba4449/subtasks/metrics?get=numRecordsIn,numRecordsOut,accumulateBusyTimeMs HTTP/11" 200 227
2026-03-09 18:35:36 [urllib3.connectionpool] DEBUG http://192.168.56.151:8081 "GET /jobs/af1c3e040bf271e8911d2b60efc15546/vertices/314d6810424be12aceab0578c18283f4/subtasks/metrics?get=numRecordsIn,numRecordsOut,accumulateBusyTimeMs HTTP/11" 200 213
2026-03-09 18:35:36 [urllib3.connectionpool] DEBUG http://192.168.56.151:8081 "GET /jobs/af1c3e040bf271e8911d2b60efc15546/vertices/767c76260c664271178cbdb38d688aae/subtasks/metrics?get=numRecordsIn,numRecordsOut,accumulateBusyTimeMs HTTP/11" 200 217
2026-03-09 18:35:36 [urllib3.connectionpool] DEBUG http://192.168.56.151:8081 "GET /jobs/af1c3e040bf271e8911d2b60efc15546/vertices/d28af86d1d256ddca4eeaaaee5f83c03/subtasks/metrics?get=numRecordsIn,numRecordsOut,accumulateBusyTimeMs HTTP/11" 200 223
2026-03-09 18:35:36 [DS2.Metrics    ] INFO  Metrics collected: 0/7 vertices valid
2026-03-09 18:35:36 [DS2.DryRun     ] INFO  Waiting 15s for sample 2 ...
2026-03-09 18:35:51 [urllib3.connectionpool] DEBUG http://192.168.56.151:8081 "GET /jobs/af1c3e040bf271e8911d2b60efc15546 HTTP/11" 200 7018
2026-03-09 18:35:51 [DS2.DryRun     ] INFO  --- Sample 2 ---
2026-03-09 18:35:51 [urllib3.connectionpool] DEBUG http://192.168.56.151:8081 "GET /jobs/af1c3e040bf271e8911d2b60efc15546/vertices/cbc357ccb763df2852fee8c4fc7d55f2/subtasks/metrics?get=numRecordsIn,numRecordsOut,accumulateBusyTimeMs HTTP/11" 200 224
2026-03-09 18:35:51 [DS2.Metrics    ] DEBUG   Source: RocketMQ-Source -> Watermark-Assigner in=     0.0/s out=  6662.7/s busy=0.000 true=     0.0/s sel=1.000
2026-03-09 18:35:51 [urllib3.connectionpool] DEBUG http://192.168.56.151:8081 "GET /jobs/af1c3e040bf271e8911d2b60efc15546/vertices/9dd63673dd41ea021b896d5203f3ba7c/subtasks/metrics?get=numRecordsIn,numRecordsOut,accumulateBusyTimeMs HTTP/11" 200 246
2026-03-09 18:35:51 [DS2.Metrics    ] DEBUG   Hardware-Filter           in=  6666.9/s out=  6666.9/s busy=1.000 true=  6666.9/s sel=1.000
2026-03-09 18:35:51 [urllib3.connectionpool] DEBUG http://192.168.56.151:8081 "GET /jobs/af1c3e040bf271e8911d2b60efc15546/vertices/1a936cb48657826a536f331e9fb33b5e/subtasks/metrics?get=numRecordsIn,numRecordsOut,accumulateBusyTimeMs HTTP/11" 200 246
2026-03-09 18:35:51 [DS2.Metrics    ] DEBUG   Signal-Extraction         in=  5965.6/s out=  5965.6/s busy=0.747 true=  7980.7/s sel=1.000
2026-03-09 18:35:51 [urllib3.connectionpool] DEBUG http://192.168.56.151:8081 "GET /jobs/af1c3e040bf271e8911d2b60efc15546/vertices/aa0083b97ffaad66a1e3b93651ba4449/subtasks/metrics?get=numRecordsIn,numRecordsOut,accumulateBusyTimeMs HTTP/11" 200 241
2026-03-09 18:35:51 [DS2.Metrics    ] DEBUG   Feature-Extraction        in=  5962.1/s out=  1330.1/s busy=0.082 true= 72422.6/s sel=0.223
2026-03-09 18:35:51 [urllib3.connectionpool] DEBUG http://192.168.56.151:8081 "GET /jobs/af1c3e040bf271e8911d2b60efc15546/vertices/314d6810424be12aceab0578c18283f4/subtasks/metrics?get=numRecordsIn,numRecordsOut,accumulateBusyTimeMs HTTP/11" 200 224
2026-03-09 18:35:51 [DS2.Metrics    ] DEBUG   Grid-Aggregation          in=  1330.1/s out=   318.0/s busy=0.000 true= 26601.7/s sel=0.239
2026-03-09 18:35:51 [urllib3.connectionpool] DEBUG http://192.168.56.151:8081 "GET /jobs/af1c3e040bf271e8911d2b60efc15546/vertices/767c76260c664271178cbdb38d688aae/subtasks/metrics?get=numRecordsIn,numRecordsOut,accumulateBusyTimeMs HTTP/11" 200 214
2026-03-09 18:35:51 [DS2.Metrics    ] DEBUG   Sink: GridSummary-Sink    in=   314.7/s out=     0.0/s busy=0.008 true=  6293.2/s sel=0.000
2026-03-09 18:35:51 [urllib3.connectionpool] DEBUG http://192.168.56.151:8081 "GET /jobs/af1c3e040bf271e8911d2b60efc15546/vertices/d28af86d1d256ddca4eeaaaee5f83c03/subtasks/metrics?get=numRecordsIn,numRecordsOut,accumulateBusyTimeMs HTTP/11" 200 232
2026-03-09 18:35:51 [DS2.Metrics    ] DEBUG   Sink: EventFeature-Sink   in=  1360.2/s out=     0.0/s busy=0.099 true= 13673.2/s sel=0.000
2026-03-09 18:35:51 [DS2.Metrics    ] INFO  Metrics collected: 7/7 vertices valid
2026-03-09 18:35:51 [DS2.DryRun     ] INFO  
================================================================================
2026-03-09 18:35:51 [DS2.DryRun     ] INFO  Operator                      In/s    Out/s   Busy   TrueRate    Sel   P
2026-03-09 18:35:51 [DS2.DryRun     ] INFO  --------------------------------------------------------------------------------
2026-03-09 18:35:51 [DS2.DryRun     ] INFO  Source: RocketMQ-Source -> Watermark-Assigner      0.0   6662.7  0.000        0.0  1.000   1
2026-03-09 18:35:51 [DS2.DryRun     ] INFO  Hardware-Filter             6666.9   6666.9  1.000     6666.9  1.000   2
2026-03-09 18:35:51 [DS2.DryRun     ] INFO  Signal-Extraction           5965.6   5965.6  0.747     7980.7  1.000   2
2026-03-09 18:35:51 [DS2.DryRun     ] INFO  Feature-Extraction          5962.1   1330.1  0.082    72422.6  0.223   2
2026-03-09 18:35:51 [DS2.DryRun     ] INFO  Grid-Aggregation            1330.1    318.0  0.000    26601.7  0.239   2
2026-03-09 18:35:51 [DS2.DryRun     ] INFO  Sink: EventFeature-Sink     1360.2      0.0  0.099    13673.2  0.000   3
2026-03-09 18:35:51 [DS2.DryRun     ] INFO  Sink: GridSummary-Sink       314.7      0.0  0.008     6293.2  0.000   3
2026-03-09 18:35:51 [DS2.DryRun     ] INFO  ================================================================================
2026-03-09 18:35:51 [DS2.Model      ] INFO  ============================================================
2026-03-09 18:35:51 [DS2.Model      ] INFO  DS2 Model Computing ...
2026-03-09 18:35:51 [DS2.Model      ] INFO  ============================================================
2026-03-09 18:35:51 [DS2.Model      ] INFO  
--- Source: RocketMQ-Source -> Watermark-Assigner (P=1) ---
2026-03-09 18:35:51 [DS2.Model      ] INFO    actual_out=6662.7/s  busy=0.000  target_out=6662.7/s  -> P: 1 -> 1
2026-03-09 18:35:51 [DS2.Model      ] INFO  
--- Hardware-Filter (P=2) ---
2026-03-09 18:35:51 [DS2.Model      ] INFO    target_input=6662.7/s
2026-03-09 18:35:51 [DS2.Model      ] INFO    per_inst=3333.5/s  target_in_margin=9994.0/s  raw_p=3  -> P: 2 -> 3  target_out=6662.7/s
2026-03-09 18:35:51 [DS2.Model      ] INFO  
--- Signal-Extraction (P=2) ---
2026-03-09 18:35:51 [DS2.Model      ] INFO    target_input=6662.7/s
2026-03-09 18:35:51 [DS2.Model      ] INFO    per_inst=3990.3/s  target_in_margin=9994.0/s  raw_p=3  -> P: 2 -> 3  target_out=6662.7/s
2026-03-09 18:35:51 [DS2.Model      ] INFO  
--- Feature-Extraction (P=2) ---
2026-03-09 18:35:51 [DS2.Model      ] INFO    target_input=6662.7/s
2026-03-09 18:35:51 [DS2.Model      ] INFO    busy=0.082 < 0.1 -> idle, keep P=2  target_out=1486.4/s
2026-03-09 18:35:51 [DS2.Model      ] INFO  
--- Grid-Aggregation (P=2) ---
2026-03-09 18:35:51 [DS2.Model      ] INFO    target_input=1486.4/s
2026-03-09 18:35:51 [DS2.Model      ] INFO    busy=0.000 < 0.1 -> idle, keep P=2  target_out=355.4/s
2026-03-09 18:35:51 [DS2.Model      ] INFO  
--- Sink: EventFeature-Sink (P=3) ---
2026-03-09 18:35:51 [DS2.Model      ] INFO    target_input=1486.4/s
2026-03-09 18:35:51 [DS2.Model      ] INFO    busy=0.099 < 0.1 -> idle, keep P=3  target_out=0.0/s
2026-03-09 18:35:51 [DS2.Model      ] INFO  
--- Sink: GridSummary-Sink (P=3) ---
2026-03-09 18:35:51 [DS2.Model      ] INFO    target_input=355.4/s
2026-03-09 18:35:51 [DS2.Model      ] INFO    busy=0.008 < 0.1 -> idle, keep P=3  target_out=0.0/s
2026-03-09 18:35:51 [DS2.Model      ] INFO  
============================================================
2026-03-09 18:35:51 [DS2.Model      ] INFO  Decision Summary:
2026-03-09 18:35:51 [DS2.Model      ] INFO  ------------------------------------------------------------
2026-03-09 18:35:51 [DS2.Model      ] INFO    Source: RocketMQ-Source -> Watermark-Assigner 1 -> 1  NO_CHANGE  (Source busy=0.000)
2026-03-09 18:35:51 [DS2.Model      ] INFO    Hardware-Filter                               2 -> 3  SCALE_UP [UP]  (in=9994.0 per_inst=3333.5 raw_p=3 busy=1.000)
2026-03-09 18:35:51 [DS2.Model      ] INFO    Signal-Extraction                             2 -> 3  SCALE_UP [UP]  (in=9994.0 per_inst=3990.3 raw_p=3 busy=0.747)
2026-03-09 18:35:51 [DS2.Model      ] INFO    Feature-Extraction                            2 -> 2  NO_CHANGE  (Idle (busy=0.082), capacity OK)
2026-03-09 18:35:51 [DS2.Model      ] INFO    Grid-Aggregation                              2 -> 2  NO_CHANGE  (Idle (busy=0.000), capacity OK)
2026-03-09 18:35:51 [DS2.Model      ] INFO    Sink: EventFeature-Sink                       3 -> 3  NO_CHANGE  (Idle (busy=0.099), capacity OK)
2026-03-09 18:35:51 [DS2.Model      ] INFO    Sink: GridSummary-Sink                        3 -> 3  NO_CHANGE  (Idle (busy=0.008), capacity OK)
2026-03-09 18:35:51 [DS2.Model      ] INFO  ============================================================
2026-03-09 18:35:51 [DS2.Executor   ] INFO  programArgs: --p-feature 2 --p-filter 2 --p-grid 2 --p-signal 2 --p-sink 3 --p-source 1
2026-03-09 18:35:51 [DS2.DryRun     ] INFO  
programArgs preview: --p-feature 2 --p-filter 2 --p-grid 2 --p-signal 2 --p-sink 3 --p-source 1
2026-03-09 18:35:51 [DS2.DryRun     ] INFO  
Dry-run complete. No changes applied.
