2026-03-08 18:43:33 [DS2.Main       ] INFO  DS2 Configuration:
2026-03-08 18:43:33 [DS2.Main       ] INFO    flink_rest_url    = http://192.168.56.151:8081
2026-03-08 18:43:33 [DS2.Main       ] INFO    flink_job_name    = Seismic-Stream-Job
2026-03-08 18:43:33 [DS2.Main       ] INFO    policy_interval   = 15s
2026-03-08 18:43:33 [DS2.Main       ] INFO    warm_up_time      = 30s
2026-03-08 18:43:33 [DS2.Main       ] INFO    activation_window = 3
2026-03-08 18:43:33 [DS2.Main       ] INFO    target_rate_ratio = 1.5
2026-03-08 18:43:33 [DS2.Main       ] INFO    parallelism range = [1, 16]
2026-03-08 18:43:33 [DS2.Main       ] INFO    target_jar_name   = flink-rocketmq-demo-1.0-SNAPSHOT
2026-03-08 18:43:33 [DS2.Main       ] INFO    operator_mapping  = 7 operators:
2026-03-08 18:43:33 [DS2.Main       ] INFO      source       keyword='RocketMQ-Source'  arg='p-source'  default_p=1
2026-03-08 18:43:33 [DS2.Main       ] INFO      filter       keyword='Hardware-Filter'  arg='p-filter'  default_p=2
2026-03-08 18:43:33 [DS2.Main       ] INFO      signal       keyword='Signal-Extraction'  arg='p-signal'  default_p=2
2026-03-08 18:43:33 [DS2.Main       ] INFO      feature      keyword='Feature-Extraction'  arg='p-feature'  default_p=2
2026-03-08 18:43:33 [DS2.Main       ] INFO      grid         keyword='Grid-Aggregation'  arg='p-grid'  default_p=2
2026-03-08 18:43:33 [DS2.Main       ] INFO      sink_event   keyword='EventFeature-Sink'  arg='p-sink'  default_p=1
2026-03-08 18:43:33 [DS2.Main       ] INFO      sink_grid    keyword='GridSummary-Sink'  arg='p-sink'  default_p=1
2026-03-08 18:43:33 [DS2.Main       ] INFO  MODE: dry-run (no scaling will be executed)
2026-03-08 18:43:33 [urllib3.connectionpool] DEBUG Starting new HTTP connection (1): 192.168.56.151:8081
2026-03-08 18:43:33 [urllib3.connectionpool] DEBUG http://192.168.56.151:8081 "GET /overview HTTP/11" 200 176
2026-03-08 18:43:33 [DS2.FlinkClient] INFO  Connected to Flink 1.17.2
2026-03-08 18:43:33 [urllib3.connectionpool] DEBUG http://192.168.56.151:8081 "GET /jobs/overview HTTP/11" 200 350
2026-03-08 18:43:33 [urllib3.connectionpool] DEBUG http://192.168.56.151:8081 "GET /jobs/f5834aeaa30f3f0bf2db92460d6da242 HTTP/11" 200 7026
2026-03-08 18:43:33 [DS2.DryRun     ] INFO  Job: Seismic-Stream-Job (f5834aeaa30f3f0bf2db92460d6da242)
2026-03-08 18:43:33 [DS2.DryRun     ] INFO  Vertices (7):
2026-03-08 18:43:33 [DS2.DryRun     ] INFO    Source: RocketMQ-Source -> Watermark-Assigner  P=1  arg=p-source
2026-03-08 18:43:33 [DS2.DryRun     ] INFO    Hardware-Filter  P=2  arg=p-filter
2026-03-08 18:43:33 [DS2.DryRun     ] INFO    Signal-Extraction  P=2  arg=p-signal
2026-03-08 18:43:33 [DS2.DryRun     ] INFO    Feature-Extraction  P=2  arg=p-feature
2026-03-08 18:43:33 [DS2.DryRun     ] INFO    Grid-Aggregation  P=2  arg=p-grid
2026-03-08 18:43:33 [DS2.DryRun     ] INFO    Sink: GridSummary-Sink  P=1  arg=p-sink
2026-03-08 18:43:33 [DS2.DryRun     ] INFO    Sink: EventFeature-Sink  P=1  arg=p-sink
2026-03-08 18:43:33 [DS2.DryRun     ] INFO  Edges (6):
2026-03-08 18:43:33 [DS2.DryRun     ] INFO    Grid-Aggregation -> Sink: GridSummary-Sink
2026-03-08 18:43:33 [DS2.DryRun     ] INFO    Feature-Extraction -> Grid-Aggregation
2026-03-08 18:43:33 [DS2.DryRun     ] INFO    Feature-Extraction -> Sink: EventFeature-Sink
2026-03-08 18:43:33 [DS2.DryRun     ] INFO    Signal-Extraction -> Feature-Extraction
2026-03-08 18:43:33 [DS2.DryRun     ] INFO    Hardware-Filter -> Signal-Extraction
2026-03-08 18:43:33 [DS2.DryRun     ] INFO    Source: RocketMQ-Source -> Watermark-Assigner -> Hardware-Filter
2026-03-08 18:43:33 [DS2.DryRun     ] INFO  
Topological order:
2026-03-08 18:43:33 [DS2.DryRun     ] INFO    1. Source: RocketMQ-Source -> Watermark-Assigner
2026-03-08 18:43:33 [DS2.DryRun     ] INFO    2. Hardware-Filter
2026-03-08 18:43:33 [DS2.DryRun     ] INFO    3. Signal-Extraction
2026-03-08 18:43:33 [DS2.DryRun     ] INFO    4. Feature-Extraction
2026-03-08 18:43:33 [DS2.DryRun     ] INFO    5. Grid-Aggregation
2026-03-08 18:43:33 [DS2.DryRun     ] INFO    6. Sink: EventFeature-Sink
2026-03-08 18:43:33 [DS2.DryRun     ] INFO    7. Sink: GridSummary-Sink
2026-03-08 18:43:33 [DS2.DryRun     ] INFO  
--- Sample 1 ---
2026-03-08 18:43:33 [urllib3.connectionpool] DEBUG http://192.168.56.151:8081 "GET /jobs/f5834aeaa30f3f0bf2db92460d6da242/vertices/cbc357ccb763df2852fee8c4fc7d55f2/subtasks/metrics?get=numRecordsIn,numRecordsOut,accumulateBusyTimeMs HTTP/11" 200 220
2026-03-08 18:43:33 [urllib3.connectionpool] DEBUG http://192.168.56.151:8081 "GET /jobs/f5834aeaa30f3f0bf2db92460d6da242/vertices/9dd63673dd41ea021b896d5203f3ba7c/subtasks/metrics?get=numRecordsIn,numRecordsOut,accumulateBusyTimeMs HTTP/11" 200 234
2026-03-08 18:43:33 [urllib3.connectionpool] DEBUG http://192.168.56.151:8081 "GET /jobs/f5834aeaa30f3f0bf2db92460d6da242/vertices/1a936cb48657826a536f331e9fb33b5e/subtasks/metrics?get=numRecordsIn,numRecordsOut,accumulateBusyTimeMs HTTP/11" 200 228
2026-03-08 18:43:33 [urllib3.connectionpool] DEBUG http://192.168.56.151:8081 "GET /jobs/f5834aeaa30f3f0bf2db92460d6da242/vertices/aa0083b97ffaad66a1e3b93651ba4449/subtasks/metrics?get=numRecordsIn,numRecordsOut,accumulateBusyTimeMs HTTP/11" 200 224
2026-03-08 18:43:33 [urllib3.connectionpool] DEBUG http://192.168.56.151:8081 "GET /jobs/f5834aeaa30f3f0bf2db92460d6da242/vertices/314d6810424be12aceab0578c18283f4/subtasks/metrics?get=numRecordsIn,numRecordsOut,accumulateBusyTimeMs HTTP/11" 200 219
2026-03-08 18:43:33 [urllib3.connectionpool] DEBUG http://192.168.56.151:8081 "GET /jobs/f5834aeaa30f3f0bf2db92460d6da242/vertices/767c76260c664271178cbdb38d688aae/subtasks/metrics?get=numRecordsIn,numRecordsOut,accumulateBusyTimeMs HTTP/11" 200 224
2026-03-08 18:43:33 [urllib3.connectionpool] DEBUG http://192.168.56.151:8081 "GET /jobs/f5834aeaa30f3f0bf2db92460d6da242/vertices/d28af86d1d256ddca4eeaaaee5f83c03/subtasks/metrics?get=numRecordsIn,numRecordsOut,accumulateBusyTimeMs HTTP/11" 200 228
2026-03-08 18:43:33 [DS2.Metrics    ] INFO  Metrics collected: 0/7 vertices valid
2026-03-08 18:43:33 [DS2.DryRun     ] INFO  Waiting 15s for sample 2 ...
2026-03-08 18:43:48 [urllib3.connectionpool] DEBUG http://192.168.56.151:8081 "GET /jobs/f5834aeaa30f3f0bf2db92460d6da242 HTTP/11" 200 7041
2026-03-08 18:43:48 [DS2.DryRun     ] INFO  --- Sample 2 ---
2026-03-08 18:43:48 [urllib3.connectionpool] DEBUG http://192.168.56.151:8081 "GET /jobs/f5834aeaa30f3f0bf2db92460d6da242/vertices/cbc357ccb763df2852fee8c4fc7d55f2/subtasks/metrics?get=numRecordsIn,numRecordsOut,accumulateBusyTimeMs HTTP/11" 200 220
2026-03-08 18:43:48 [DS2.Metrics    ] DEBUG   Source: RocketMQ-Source -> Watermark-Assigner in=     0.0/s out=  2315.1/s busy=0.000 true=     0.0/s sel=1.000
2026-03-08 18:43:48 [urllib3.connectionpool] DEBUG http://192.168.56.151:8081 "GET /jobs/f5834aeaa30f3f0bf2db92460d6da242/vertices/9dd63673dd41ea021b896d5203f3ba7c/subtasks/metrics?get=numRecordsIn,numRecordsOut,accumulateBusyTimeMs HTTP/11" 200 228
2026-03-08 18:43:48 [DS2.Metrics    ] DEBUG   Hardware-Filter           in=  2315.1/s out=  2315.1/s busy=0.000 true= 46301.6/s sel=1.000
2026-03-08 18:43:48 [urllib3.connectionpool] DEBUG http://192.168.56.151:8081 "GET /jobs/f5834aeaa30f3f0bf2db92460d6da242/vertices/1a936cb48657826a536f331e9fb33b5e/subtasks/metrics?get=numRecordsIn,numRecordsOut,accumulateBusyTimeMs HTTP/11" 200 228
2026-03-08 18:43:48 [DS2.Metrics    ] DEBUG   Signal-Extraction         in=  1243.1/s out=  1243.1/s busy=0.000 true= 24861.1/s sel=1.000
2026-03-08 18:43:48 [urllib3.connectionpool] DEBUG http://192.168.56.151:8081 "GET /jobs/f5834aeaa30f3f0bf2db92460d6da242/vertices/aa0083b97ffaad66a1e3b93651ba4449/subtasks/metrics?get=numRecordsIn,numRecordsOut,accumulateBusyTimeMs HTTP/11" 200 228
2026-03-08 18:43:48 [DS2.Metrics    ] DEBUG   Feature-Extraction        in=  1248.5/s out=  1248.5/s busy=0.000 true= 24970.0/s sel=1.000
2026-03-08 18:43:48 [urllib3.connectionpool] DEBUG http://192.168.56.151:8081 "GET /jobs/f5834aeaa30f3f0bf2db92460d6da242/vertices/314d6810424be12aceab0578c18283f4/subtasks/metrics?get=numRecordsIn,numRecordsOut,accumulateBusyTimeMs HTTP/11" 200 224
2026-03-08 18:43:48 [DS2.Metrics    ] DEBUG   Grid-Aggregation          in=  1248.5/s out=    47.1/s busy=0.000 true= 24970.0/s sel=0.038
2026-03-08 18:43:48 [urllib3.connectionpool] DEBUG http://192.168.56.151:8081 "GET /jobs/f5834aeaa30f3f0bf2db92460d6da242/vertices/767c76260c664271178cbdb38d688aae/subtasks/metrics?get=numRecordsIn,numRecordsOut,accumulateBusyTimeMs HTTP/11" 200 224
2026-03-08 18:43:48 [DS2.Metrics    ] DEBUG   Sink: GridSummary-Sink    in=    47.1/s out=     0.0/s busy=0.033 true=   941.4/s sel=0.000
2026-03-08 18:43:48 [urllib3.connectionpool] DEBUG http://192.168.56.151:8081 "GET /jobs/f5834aeaa30f3f0bf2db92460d6da242/vertices/d28af86d1d256ddca4eeaaaee5f83c03/subtasks/metrics?get=numRecordsIn,numRecordsOut,accumulateBusyTimeMs HTTP/11" 200 232
2026-03-08 18:43:48 [DS2.Metrics    ] DEBUG   Sink: EventFeature-Sink   in=  1217.0/s out=     0.0/s busy=1.000 true=  1217.0/s sel=0.000
2026-03-08 18:43:48 [DS2.Metrics    ] INFO  Metrics collected: 7/7 vertices valid
2026-03-08 18:43:48 [DS2.DryRun     ] INFO  
================================================================================
2026-03-08 18:43:48 [DS2.DryRun     ] INFO  Operator                      In/s    Out/s   Busy   TrueRate    Sel   P
2026-03-08 18:43:48 [DS2.DryRun     ] INFO  --------------------------------------------------------------------------------
2026-03-08 18:43:48 [DS2.DryRun     ] INFO  Source: RocketMQ-Source -> Watermark-Assigner      0.0   2315.1  0.000        0.0  1.000   1
2026-03-08 18:43:48 [DS2.DryRun     ] INFO  Hardware-Filter             2315.1   2315.1  0.000    46301.6  1.000   2
2026-03-08 18:43:48 [DS2.DryRun     ] INFO  Signal-Extraction           1243.1   1243.1  0.000    24861.1  1.000   2
2026-03-08 18:43:48 [DS2.DryRun     ] INFO  Feature-Extraction          1248.5   1248.5  0.000    24970.0  1.000   2
2026-03-08 18:43:48 [DS2.DryRun     ] INFO  Grid-Aggregation            1248.5     47.1  0.000    24970.0  0.038   2
2026-03-08 18:43:48 [DS2.DryRun     ] INFO  Sink: EventFeature-Sink     1217.0      0.0  1.000     1217.0  0.000   1
2026-03-08 18:43:48 [DS2.DryRun     ] INFO  Sink: GridSummary-Sink        47.1      0.0  0.033      941.4  0.000   1
2026-03-08 18:43:48 [DS2.DryRun     ] INFO  ================================================================================
2026-03-08 18:43:48 [DS2.Model      ] INFO  ============================================================
2026-03-08 18:43:48 [DS2.Model      ] INFO  DS2 Model Computing ...
2026-03-08 18:43:48 [DS2.Model      ] INFO  ============================================================
2026-03-08 18:43:48 [DS2.Model      ] INFO  
--- Source: RocketMQ-Source -> Watermark-Assigner (P=1) ---
2026-03-08 18:43:48 [DS2.Model      ] INFO    busy=0.000  true_out=46301.6/s  -> P: 1 -> 1
2026-03-08 18:43:48 [DS2.Model      ] INFO  
--- Hardware-Filter (P=2) ---
2026-03-08 18:43:48 [DS2.Model      ] INFO    upstream_out=46301.6/s  x1.5 -> 69452.5/s
2026-03-08 18:43:48 [DS2.Model      ] INFO    per_inst=23150.8/s  target_in=69452.5/s  raw_p=4  -> P: 2 -> 4
2026-03-08 18:43:48 [DS2.Model      ] INFO  
--- Signal-Extraction (P=2) ---
2026-03-08 18:43:48 [DS2.Model      ] INFO    upstream_out=92603.3/s  x1.5 -> 138904.9/s
2026-03-08 18:43:48 [DS2.Model      ] INFO    per_inst=12430.5/s  target_in=138904.9/s  raw_p=12  -> P: 2 -> 12
2026-03-08 18:43:48 [DS2.Model      ] INFO  
--- Feature-Extraction (P=2) ---
2026-03-08 18:43:48 [DS2.Model      ] INFO    upstream_out=149166.5/s  x1.5 -> 223749.7/s
2026-03-08 18:43:48 [DS2.Model      ] INFO    per_inst=12485.0/s  target_in=223749.7/s  raw_p=18  -> P: 2 -> 16
2026-03-08 18:43:48 [DS2.Model      ] INFO  
--- Grid-Aggregation (P=2) ---
2026-03-08 18:43:48 [DS2.Model      ] INFO    upstream_out=199759.7/s  x1.5 -> 299639.5/s
2026-03-08 18:43:48 [DS2.Model      ] INFO    per_inst=12485.0/s  target_in=299639.5/s  raw_p=24  -> P: 2 -> 16
2026-03-08 18:43:48 [DS2.Model      ] INFO  
--- Sink: EventFeature-Sink (P=1) ---
2026-03-08 18:43:48 [DS2.Model      ] INFO    upstream_out=199759.7/s  x1.5 -> 299639.5/s
2026-03-08 18:43:48 [DS2.Model      ] INFO    per_inst=1217.0/s  target_in=299639.5/s  raw_p=247  -> P: 1 -> 16
2026-03-08 18:43:48 [DS2.Model      ] INFO  
--- Sink: GridSummary-Sink (P=1) ---
2026-03-08 18:43:48 [DS2.Model      ] INFO    upstream_out=7531.5/s  x1.5 -> 11297.2/s
2026-03-08 18:43:48 [DS2.Model      ] INFO    per_inst=941.4/s  target_in=11297.2/s  raw_p=12  -> P: 1 -> 12
2026-03-08 18:43:48 [DS2.Model      ] INFO  
============================================================
2026-03-08 18:43:48 [DS2.Model      ] INFO  Decision Summary:
2026-03-08 18:43:48 [DS2.Model      ] INFO  ------------------------------------------------------------
2026-03-08 18:43:48 [DS2.Model      ] INFO    Source: RocketMQ-Source -> Watermark-Assigner 1 -> 1  NO_CHANGE  (Source busy=0.000)
2026-03-08 18:43:48 [DS2.Model      ] INFO    Hardware-Filter           2 -> 4  SCALE_UP [UP]  (in=69452.5 per_inst=23150.8 raw_p=4 busy=0.000)
2026-03-08 18:43:48 [DS2.Model      ] INFO    Signal-Extraction         2 -> 12  SCALE_UP [UP]  (in=138904.9 per_inst=12430.5 raw_p=12 busy=0.000)
2026-03-08 18:43:48 [DS2.Model      ] INFO    Feature-Extraction        2 -> 16  SCALE_UP [UP]  (in=223749.7 per_inst=12485.0 raw_p=18 busy=0.000)
2026-03-08 18:43:48 [DS2.Model      ] INFO    Grid-Aggregation          2 -> 16  SCALE_UP [UP]  (in=299639.5 per_inst=12485.0 raw_p=24 busy=0.000)
2026-03-08 18:43:48 [DS2.Model      ] INFO    Sink: EventFeature-Sink   1 -> 16  SCALE_UP [UP]  (in=299639.5 per_inst=1217.0 raw_p=247 busy=1.000)
2026-03-08 18:43:48 [DS2.Model      ] INFO    Sink: GridSummary-Sink    1 -> 12  SCALE_UP [UP]  (in=11297.2 per_inst=941.4 raw_p=12 busy=0.033)
2026-03-08 18:43:48 [DS2.Model      ] INFO  ============================================================
2026-03-08 18:43:48 [DS2.Executor   ] INFO  programArgs: --p-feature 2 --p-filter 2 --p-grid 2 --p-signal 2 --p-sink 1 --p-source 1
2026-03-08 18:43:48 [DS2.DryRun     ] INFO  
programArgs preview: --p-feature 2 --p-filter 2 --p-grid 2 --p-signal 2 --p-sink 1 --p-source 1
2026-03-08 18:43:48 [DS2.DryRun     ] INFO  
Dry-run complete. No changes applied.
