2026-03-09 19:38:30 [DS2.Main       ] INFO  DS2 Configuration:
2026-03-09 19:38:30 [DS2.Main       ] INFO    flink_rest_url    = http://192.168.56.151:8081
2026-03-09 19:38:30 [DS2.Main       ] INFO    flink_job_name    = Seismic-Stream-Job
2026-03-09 19:38:30 [DS2.Main       ] INFO    policy_interval   = 15s
2026-03-09 19:38:30 [DS2.Main       ] INFO    warm_up_time      = 30s
2026-03-09 19:38:30 [DS2.Main       ] INFO    activation_window = 3
2026-03-09 19:38:30 [DS2.Main       ] INFO    target_rate_ratio = 1.8
2026-03-09 19:38:30 [DS2.Main       ] INFO    parallelism range = [1, 8]
2026-03-09 19:38:30 [DS2.Main       ] INFO    target_jar_name   = flink-rocketmq-demo-1.0-SNAPSHOT
2026-03-09 19:38:30 [DS2.Main       ] INFO    operator_mapping  = 7 operators:
2026-03-09 19:38:30 [DS2.Main       ] INFO      source       keyword='RocketMQ-Source'  arg='p-source'  default_p=1
2026-03-09 19:38:30 [DS2.Main       ] INFO      filter       keyword='Hardware-Filter'  arg='p-filter'  default_p=2
2026-03-09 19:38:30 [DS2.Main       ] INFO      signal       keyword='Signal-Extraction'  arg='p-signal'  default_p=2
2026-03-09 19:38:30 [DS2.Main       ] INFO      feature      keyword='Feature-Extraction'  arg='p-feature'  default_p=2
2026-03-09 19:38:30 [DS2.Main       ] INFO      grid         keyword='Grid-Aggregation'  arg='p-grid'  default_p=2
2026-03-09 19:38:30 [DS2.Main       ] INFO      sink_event   keyword='EventFeature-Sink'  arg='p-sink'  default_p=1
2026-03-09 19:38:30 [DS2.Main       ] INFO      sink_grid    keyword='GridSummary-Sink'  arg='p-sink'  default_p=4
2026-03-09 19:38:30 [DS2.Main       ] INFO  MODE: live
2026-03-09 19:38:30 [DS2.CsvLogger  ] INFO  CSV log: ds2_logs\ds2_decisions_20260309_193830.csv
2026-03-09 19:38:30 [DS2.Controller ] INFO  ============================================================
2026-03-09 19:38:30 [DS2.Controller ] INFO  DS2 Controller Starting
2026-03-09 19:38:30 [DS2.Controller ] INFO    Flink REST  : http://192.168.56.151:8081
2026-03-09 19:38:30 [DS2.Controller ] INFO    Job Name    : Seismic-Stream-Job
2026-03-09 19:38:30 [DS2.Controller ] INFO    Interval    : 15s
2026-03-09 19:38:30 [DS2.Controller ] INFO    Warm-up     : 30s
2026-03-09 19:38:30 [DS2.Controller ] INFO    Act. Window : 3
2026-03-09 19:38:30 [DS2.Controller ] INFO    Rate Ratio  : 1.8
2026-03-09 19:38:30 [DS2.Controller ] INFO    Parallelism : [1, 8]
2026-03-09 19:38:30 [DS2.Controller ] INFO  ============================================================
2026-03-09 19:38:30 [urllib3.connectionpool] DEBUG Starting new HTTP connection (1): 192.168.56.151:8081
2026-03-09 19:38:30 [urllib3.connectionpool] DEBUG http://192.168.56.151:8081 "GET /overview HTTP/11" 200 176
2026-03-09 19:38:30 [DS2.FlinkClient] INFO  Connected to Flink 1.17.2
2026-03-09 19:38:30 [DS2.Controller ] INFO  
############################################################
2026-03-09 19:38:30 [DS2.Controller ] INFO  # Round 1
2026-03-09 19:38:30 [DS2.Controller ] INFO  ############################################################
2026-03-09 19:38:30 [urllib3.connectionpool] DEBUG http://192.168.56.151:8081 "GET /jobs/overview HTTP/11" 200 1769
2026-03-09 19:38:30 [DS2.FlinkClient] DEBUG No running job named 'Seismic-Stream-Job'
2026-03-09 19:38:30 [DS2.Controller ] INFO  No running job, waiting ...
2026-03-09 19:38:45 [DS2.Controller ] INFO  
############################################################
2026-03-09 19:38:45 [DS2.Controller ] INFO  # Round 2
2026-03-09 19:38:45 [DS2.Controller ] INFO  ############################################################
2026-03-09 19:38:45 [urllib3.connectionpool] DEBUG http://192.168.56.151:8081 "GET /jobs/overview HTTP/11" 200 2107
2026-03-09 19:38:45 [urllib3.connectionpool] DEBUG http://192.168.56.151:8081 "GET /jobs/b31b6d9b57f538b2e37733aab283db17 HTTP/11" 200 6869
2026-03-09 19:38:45 [DS2.Controller ] INFO  Job: Seismic-Stream-Job (b31b6d9b57f538b2e37733aab283db17)
2026-03-09 19:38:45 [DS2.Controller ] INFO  Vertices: 7, Edges: 6
2026-03-09 19:38:45 [DS2.Controller ] INFO    Source: RocketMQ-Source -> Watermark-Assigner (P=1, arg=p-source)
2026-03-09 19:38:45 [DS2.Controller ] INFO    Hardware-Filter (P=2, arg=p-filter)
2026-03-09 19:38:45 [DS2.Controller ] INFO    Signal-Extraction (P=2, arg=p-signal)
2026-03-09 19:38:45 [DS2.Controller ] INFO    Feature-Extraction (P=2, arg=p-feature)
2026-03-09 19:38:45 [DS2.Controller ] INFO    Grid-Aggregation (P=2, arg=p-grid)
2026-03-09 19:38:45 [DS2.Controller ] INFO    Sink: GridSummary-Sink (P=3, arg=p-sink)
2026-03-09 19:38:45 [DS2.Controller ] INFO    Sink: EventFeature-Sink (P=3, arg=p-sink)
2026-03-09 19:38:45 [urllib3.connectionpool] DEBUG http://192.168.56.151:8081 "GET /jobs/b31b6d9b57f538b2e37733aab283db17/vertices/cbc357ccb763df2852fee8c4fc7d55f2/subtasks/metrics?get=numRecordsIn,numRecordsOut,accumulateBusyTimeMs HTTP/11" 200 2
2026-03-09 19:38:45 [DS2.Metrics    ] DEBUG No raw metrics for Source: RocketMQ-Source -> Watermark-Assigner
2026-03-09 19:38:45 [urllib3.connectionpool] DEBUG http://192.168.56.151:8081 "GET /jobs/b31b6d9b57f538b2e37733aab283db17/vertices/9dd63673dd41ea021b896d5203f3ba7c/subtasks/metrics?get=numRecordsIn,numRecordsOut,accumulateBusyTimeMs HTTP/11" 200 2
2026-03-09 19:38:45 [DS2.Metrics    ] DEBUG No raw metrics for Hardware-Filter
2026-03-09 19:38:45 [urllib3.connectionpool] DEBUG http://192.168.56.151:8081 "GET /jobs/b31b6d9b57f538b2e37733aab283db17/vertices/1a936cb48657826a536f331e9fb33b5e/subtasks/metrics?get=numRecordsIn,numRecordsOut,accumulateBusyTimeMs HTTP/11" 200 2
2026-03-09 19:38:45 [DS2.Metrics    ] DEBUG No raw metrics for Signal-Extraction
2026-03-09 19:38:45 [urllib3.connectionpool] DEBUG http://192.168.56.151:8081 "GET /jobs/b31b6d9b57f538b2e37733aab283db17/vertices/aa0083b97ffaad66a1e3b93651ba4449/subtasks/metrics?get=numRecordsIn,numRecordsOut,accumulateBusyTimeMs HTTP/11" 200 2
2026-03-09 19:38:45 [DS2.Metrics    ] DEBUG No raw metrics for Feature-Extraction
2026-03-09 19:38:45 [urllib3.connectionpool] DEBUG http://192.168.56.151:8081 "GET /jobs/b31b6d9b57f538b2e37733aab283db17/vertices/314d6810424be12aceab0578c18283f4/subtasks/metrics?get=numRecordsIn,numRecordsOut,accumulateBusyTimeMs HTTP/11" 200 2
2026-03-09 19:38:45 [DS2.Metrics    ] DEBUG No raw metrics for Grid-Aggregation
2026-03-09 19:38:45 [urllib3.connectionpool] DEBUG http://192.168.56.151:8081 "GET /jobs/b31b6d9b57f538b2e37733aab283db17/vertices/767c76260c664271178cbdb38d688aae/subtasks/metrics?get=numRecordsIn,numRecordsOut,accumulateBusyTimeMs HTTP/11" 200 2
2026-03-09 19:38:45 [DS2.Metrics    ] DEBUG No raw metrics for Sink: GridSummary-Sink
2026-03-09 19:38:45 [urllib3.connectionpool] DEBUG http://192.168.56.151:8081 "GET /jobs/b31b6d9b57f538b2e37733aab283db17/vertices/d28af86d1d256ddca4eeaaaee5f83c03/subtasks/metrics?get=numRecordsIn,numRecordsOut,accumulateBusyTimeMs HTTP/11" 200 2
2026-03-09 19:38:45 [DS2.Metrics    ] DEBUG No raw metrics for Sink: EventFeature-Sink
2026-03-09 19:38:45 [DS2.Metrics    ] INFO  Metrics collected: 0/7 vertices valid
2026-03-09 19:38:45 [DS2.Controller ] INFO  Need at least 2 samples for diff, skip
2026-03-09 19:39:00 [DS2.Controller ] INFO  
############################################################
2026-03-09 19:39:00 [DS2.Controller ] INFO  # Round 3
2026-03-09 19:39:00 [DS2.Controller ] INFO  ############################################################
2026-03-09 19:39:00 [urllib3.connectionpool] DEBUG http://192.168.56.151:8081 "GET /jobs/overview HTTP/11" 200 2108
2026-03-09 19:39:00 [urllib3.connectionpool] DEBUG http://192.168.56.151:8081 "GET /jobs/b31b6d9b57f538b2e37733aab283db17 HTTP/11" 200 6987
2026-03-09 19:39:00 [DS2.Controller ] INFO  Job: Seismic-Stream-Job (b31b6d9b57f538b2e37733aab283db17)
2026-03-09 19:39:00 [DS2.Controller ] INFO  Vertices: 7, Edges: 6
2026-03-09 19:39:00 [DS2.Controller ] INFO    Source: RocketMQ-Source -> Watermark-Assigner (P=1, arg=p-source)
2026-03-09 19:39:00 [DS2.Controller ] INFO    Hardware-Filter (P=2, arg=p-filter)
2026-03-09 19:39:00 [DS2.Controller ] INFO    Signal-Extraction (P=2, arg=p-signal)
2026-03-09 19:39:00 [DS2.Controller ] INFO    Feature-Extraction (P=2, arg=p-feature)
2026-03-09 19:39:00 [DS2.Controller ] INFO    Grid-Aggregation (P=2, arg=p-grid)
2026-03-09 19:39:00 [DS2.Controller ] INFO    Sink: GridSummary-Sink (P=3, arg=p-sink)
2026-03-09 19:39:00 [DS2.Controller ] INFO    Sink: EventFeature-Sink (P=3, arg=p-sink)
2026-03-09 19:39:00 [urllib3.connectionpool] DEBUG http://192.168.56.151:8081 "GET /jobs/b31b6d9b57f538b2e37733aab283db17/vertices/cbc357ccb763df2852fee8c4fc7d55f2/subtasks/metrics?get=numRecordsIn,numRecordsOut,accumulateBusyTimeMs HTTP/11" 200 220
2026-03-09 19:39:00 [urllib3.connectionpool] DEBUG http://192.168.56.151:8081 "GET /jobs/b31b6d9b57f538b2e37733aab283db17/vertices/9dd63673dd41ea021b896d5203f3ba7c/subtasks/metrics?get=numRecordsIn,numRecordsOut,accumulateBusyTimeMs HTTP/11" 200 234
2026-03-09 19:39:00 [urllib3.connectionpool] DEBUG http://192.168.56.151:8081 "GET /jobs/b31b6d9b57f538b2e37733aab283db17/vertices/1a936cb48657826a536f331e9fb33b5e/subtasks/metrics?get=numRecordsIn,numRecordsOut,accumulateBusyTimeMs HTTP/11" 200 234
2026-03-09 19:39:00 [urllib3.connectionpool] DEBUG http://192.168.56.151:8081 "GET /jobs/b31b6d9b57f538b2e37733aab283db17/vertices/aa0083b97ffaad66a1e3b93651ba4449/subtasks/metrics?get=numRecordsIn,numRecordsOut,accumulateBusyTimeMs HTTP/11" 200 230
2026-03-09 19:39:00 [urllib3.connectionpool] DEBUG http://192.168.56.151:8081 "GET /jobs/b31b6d9b57f538b2e37733aab283db17/vertices/314d6810424be12aceab0578c18283f4/subtasks/metrics?get=numRecordsIn,numRecordsOut,accumulateBusyTimeMs HTTP/11" 200 217
2026-03-09 19:39:00 [urllib3.connectionpool] DEBUG http://192.168.56.151:8081 "GET /jobs/b31b6d9b57f538b2e37733aab283db17/vertices/767c76260c664271178cbdb38d688aae/subtasks/metrics?get=numRecordsIn,numRecordsOut,accumulateBusyTimeMs HTTP/11" 200 217
2026-03-09 19:39:00 [urllib3.connectionpool] DEBUG http://192.168.56.151:8081 "GET /jobs/b31b6d9b57f538b2e37733aab283db17/vertices/d28af86d1d256ddca4eeaaaee5f83c03/subtasks/metrics?get=numRecordsIn,numRecordsOut,accumulateBusyTimeMs HTTP/11" 200 230
2026-03-09 19:39:00 [DS2.Metrics    ] INFO  Metrics collected: 0/7 vertices valid
2026-03-09 19:39:00 [DS2.Controller ] INFO  Need at least 2 samples for diff, skip
2026-03-09 19:39:15 [DS2.Controller ] INFO  
############################################################
2026-03-09 19:39:15 [DS2.Controller ] INFO  # Round 4
2026-03-09 19:39:15 [DS2.Controller ] INFO  ############################################################
2026-03-09 19:39:15 [urllib3.connectionpool] DEBUG http://192.168.56.151:8081 "GET /jobs/overview HTTP/11" 200 2108
2026-03-09 19:39:15 [urllib3.connectionpool] DEBUG http://192.168.56.151:8081 "GET /jobs/b31b6d9b57f538b2e37733aab283db17 HTTP/11" 200 7001
2026-03-09 19:39:15 [DS2.Controller ] INFO  Job: Seismic-Stream-Job (b31b6d9b57f538b2e37733aab283db17)
2026-03-09 19:39:15 [DS2.Controller ] INFO  Vertices: 7, Edges: 6
2026-03-09 19:39:15 [DS2.Controller ] INFO    Source: RocketMQ-Source -> Watermark-Assigner (P=1, arg=p-source)
2026-03-09 19:39:15 [DS2.Controller ] INFO    Hardware-Filter (P=2, arg=p-filter)
2026-03-09 19:39:15 [DS2.Controller ] INFO    Signal-Extraction (P=2, arg=p-signal)
2026-03-09 19:39:15 [DS2.Controller ] INFO    Feature-Extraction (P=2, arg=p-feature)
2026-03-09 19:39:15 [DS2.Controller ] INFO    Grid-Aggregation (P=2, arg=p-grid)
2026-03-09 19:39:15 [DS2.Controller ] INFO    Sink: GridSummary-Sink (P=3, arg=p-sink)
2026-03-09 19:39:15 [DS2.Controller ] INFO    Sink: EventFeature-Sink (P=3, arg=p-sink)
2026-03-09 19:39:15 [urllib3.connectionpool] DEBUG http://192.168.56.151:8081 "GET /jobs/b31b6d9b57f538b2e37733aab283db17/vertices/cbc357ccb763df2852fee8c4fc7d55f2/subtasks/metrics?get=numRecordsIn,numRecordsOut,accumulateBusyTimeMs HTTP/11" 200 220
2026-03-09 19:39:15 [DS2.Metrics    ] DEBUG   Source: RocketMQ-Source -> Watermark-Assigner in=     0.0/s out=  5604.2/s busy=0.000 true=     0.0/s sel=1.000
2026-03-09 19:39:15 [urllib3.connectionpool] DEBUG http://192.168.56.151:8081 "GET /jobs/b31b6d9b57f538b2e37733aab283db17/vertices/9dd63673dd41ea021b896d5203f3ba7c/subtasks/metrics?get=numRecordsIn,numRecordsOut,accumulateBusyTimeMs HTTP/11" 200 244
2026-03-09 19:39:15 [DS2.Metrics    ] DEBUG   Hardware-Filter           in=  5601.7/s out=  5601.7/s busy=0.803 true=  6975.9/s sel=1.000
2026-03-09 19:39:15 [urllib3.connectionpool] DEBUG http://192.168.56.151:8081 "GET /jobs/b31b6d9b57f538b2e37733aab283db17/vertices/1a936cb48657826a536f331e9fb33b5e/subtasks/metrics?get=numRecordsIn,numRecordsOut,accumulateBusyTimeMs HTTP/11" 200 244
2026-03-09 19:39:15 [DS2.Metrics    ] DEBUG   Signal-Extraction         in=  5044.4/s out=  5044.5/s busy=0.602 true=  8381.4/s sel=1.000
2026-03-09 19:39:15 [urllib3.connectionpool] DEBUG http://192.168.56.151:8081 "GET /jobs/b31b6d9b57f538b2e37733aab283db17/vertices/aa0083b97ffaad66a1e3b93651ba4449/subtasks/metrics?get=numRecordsIn,numRecordsOut,accumulateBusyTimeMs HTTP/11" 200 240
2026-03-09 19:39:15 [DS2.Metrics    ] DEBUG   Feature-Extraction        in=  5034.4/s out=  5034.4/s busy=0.047 true=100688.2/s sel=1.000
2026-03-09 19:39:15 [urllib3.connectionpool] DEBUG http://192.168.56.151:8081 "GET /jobs/b31b6d9b57f538b2e37733aab283db17/vertices/314d6810424be12aceab0578c18283f4/subtasks/metrics?get=numRecordsIn,numRecordsOut,accumulateBusyTimeMs HTTP/11" 200 221
2026-03-09 19:39:15 [DS2.Metrics    ] DEBUG   Grid-Aggregation          in=  5035.5/s out=     0.0/s busy=0.038 true=100710.7/s sel=0.000
2026-03-09 19:39:15 [urllib3.connectionpool] DEBUG http://192.168.56.151:8081 "GET /jobs/b31b6d9b57f538b2e37733aab283db17/vertices/767c76260c664271178cbdb38d688aae/subtasks/metrics?get=numRecordsIn,numRecordsOut,accumulateBusyTimeMs HTTP/11" 200 217
2026-03-09 19:39:15 [DS2.Metrics    ] DEBUG   Sink: GridSummary-Sink    in=     0.0/s out=     0.0/s busy=0.000 true=     0.0/s sel=1.000
2026-03-09 19:39:15 [urllib3.connectionpool] DEBUG http://192.168.56.151:8081 "GET /jobs/b31b6d9b57f538b2e37733aab283db17/vertices/d28af86d1d256ddca4eeaaaee5f83c03/subtasks/metrics?get=numRecordsIn,numRecordsOut,accumulateBusyTimeMs HTTP/11" 200 247
2026-03-09 19:39:15 [DS2.Metrics    ] DEBUG   Sink: EventFeature-Sink   in=  5036.1/s out=     0.0/s busy=0.106 true= 47468.1/s sel=0.000
2026-03-09 19:39:15 [DS2.Metrics    ] INFO  Metrics collected: 7/7 vertices valid
2026-03-09 19:39:15 [DS2.Model      ] INFO  ============================================================
2026-03-09 19:39:15 [DS2.Model      ] INFO  DS2 Model Computing ...
2026-03-09 19:39:15 [DS2.Model      ] INFO  ============================================================
2026-03-09 19:39:15 [DS2.Model      ] INFO  
--- Source: RocketMQ-Source -> Watermark-Assigner (P=1) ---
2026-03-09 19:39:15 [DS2.Model      ] INFO    actual_out=5604.2/s  busy=0.000  target_out=5604.2/s  -> P: 1 -> 1
2026-03-09 19:39:15 [DS2.Model      ] INFO  
--- Hardware-Filter (P=2) ---
2026-03-09 19:39:15 [DS2.Model      ] INFO    target_input=5604.2/s
2026-03-09 19:39:15 [DS2.Model      ] INFO    per_inst=3487.9/s  target_in_margin=10087.6/s  raw_p=3  -> P: 2 -> 3  target_out=5604.2/s
2026-03-09 19:39:15 [DS2.Model      ] INFO  
--- Signal-Extraction (P=2) ---
2026-03-09 19:39:15 [DS2.Model      ] INFO    target_input=5604.2/s
2026-03-09 19:39:15 [DS2.Model      ] INFO    per_inst=4190.7/s  target_in_margin=10087.6/s  raw_p=3  -> P: 2 -> 3  target_out=5604.3/s
2026-03-09 19:39:15 [DS2.Model      ] INFO  
--- Feature-Extraction (P=2) ---
2026-03-09 19:39:15 [DS2.Model      ] INFO    target_input=5604.3/s
2026-03-09 19:39:15 [DS2.Model      ] INFO    busy=0.047 < 0.1 -> Idle+underloaded: per_inst=50344.1 needed=1 -> SCALE_DOWN  P: 2 -> 1  target_out=5604.3/s
2026-03-09 19:39:15 [DS2.Model      ] INFO  
--- Grid-Aggregation (P=2) ---
2026-03-09 19:39:15 [DS2.Model      ] INFO    target_input=5604.3/s
2026-03-09 19:39:15 [DS2.Model      ] INFO    busy=0.038 < 0.1 -> Idle+underloaded: per_inst=50355.4 needed=1 -> SCALE_DOWN  P: 2 -> 1  target_out=0.0/s
2026-03-09 19:39:15 [DS2.Model      ] INFO  
--- Sink: EventFeature-Sink (P=3) ---
2026-03-09 19:39:15 [DS2.Model      ] INFO    target_input=5604.3/s
2026-03-09 19:39:15 [DS2.Model      ] INFO    per_inst=15822.7/s  target_in_margin=10087.7/s  raw_p=1  -> P: 3 -> 1  target_out=0.0/s
2026-03-09 19:39:15 [DS2.Model      ] INFO  
--- Sink: GridSummary-Sink (P=3) ---
2026-03-09 19:39:15 [DS2.Model      ] INFO    target_input=0.0/s
2026-03-09 19:39:15 [DS2.Model      ] INFO    busy=0.000 < 0.1 -> No upstream data, set min_p=1  P: 3 -> 1  target_out=0.0/s
2026-03-09 19:39:15 [DS2.Model      ] INFO  
============================================================
2026-03-09 19:39:15 [DS2.Model      ] INFO  Decision Summary:
2026-03-09 19:39:15 [DS2.Model      ] INFO  ------------------------------------------------------------
2026-03-09 19:39:15 [DS2.Model      ] INFO    Source: RocketMQ-Source -> Watermark-Assigner 1 -> 1  NO_CHANGE  (Source busy=0.000)
2026-03-09 19:39:15 [DS2.Model      ] INFO    Hardware-Filter                               2 -> 3  SCALE_UP [UP]  (in=10087.6 per_inst=3487.9 raw_p=3 busy=0.803)
2026-03-09 19:39:15 [DS2.Model      ] INFO    Signal-Extraction                             2 -> 3  SCALE_UP [UP]  (in=10087.6 per_inst=4190.7 raw_p=3 busy=0.602)
2026-03-09 19:39:15 [DS2.Model      ] INFO    Feature-Extraction                            2 -> 1  SCALE_DOWN [DOWN]  (Idle+underloaded: per_inst=50344.1 needed=1 -> SCALE_DOWN)
2026-03-09 19:39:15 [DS2.Model      ] INFO    Grid-Aggregation                              2 -> 1  SCALE_DOWN [DOWN]  (Idle+underloaded: per_inst=50355.4 needed=1 -> SCALE_DOWN)
2026-03-09 19:39:15 [DS2.Model      ] INFO    Sink: EventFeature-Sink                       3 -> 1  SCALE_DOWN [DOWN]  (in=10087.7 per_inst=15822.7 raw_p=1 busy=0.106)
2026-03-09 19:39:15 [DS2.Model      ] INFO    Sink: GridSummary-Sink                        3 -> 1  SCALE_DOWN [DOWN]  (No upstream data, set min_p=1)
2026-03-09 19:39:15 [DS2.Model      ] INFO  ============================================================
2026-03-09 19:39:15 [DS2.Filter     ] DEBUG   Hardware-Filter: activation window 1/3, wait
2026-03-09 19:39:15 [DS2.Filter     ] DEBUG   Signal-Extraction: activation window 1/3, wait
2026-03-09 19:39:15 [DS2.Filter     ] DEBUG   Feature-Extraction: activation window 1/3, wait
2026-03-09 19:39:15 [DS2.Filter     ] DEBUG   Grid-Aggregation: activation window 1/3, wait
2026-03-09 19:39:15 [DS2.Filter     ] DEBUG   Sink: EventFeature-Sink: activation window 1/3, wait
2026-03-09 19:39:15 [DS2.Filter     ] DEBUG   Sink: GridSummary-Sink: activation window 1/3, wait
2026-03-09 19:39:15 [DS2.Filter     ] INFO    No decisions approved this round
2026-03-09 19:39:15 [DS2.Controller ] INFO  No approved changes
2026-03-09 19:39:30 [DS2.Controller ] INFO  
############################################################
2026-03-09 19:39:30 [DS2.Controller ] INFO  # Round 5
2026-03-09 19:39:30 [DS2.Controller ] INFO  ############################################################
2026-03-09 19:39:30 [urllib3.connectionpool] DEBUG http://192.168.56.151:8081 "GET /jobs/overview HTTP/11" 200 2108
2026-03-09 19:39:30 [urllib3.connectionpool] DEBUG http://192.168.56.151:8081 "GET /jobs/b31b6d9b57f538b2e37733aab283db17 HTTP/11" 200 7015
2026-03-09 19:39:30 [DS2.Controller ] INFO  Job: Seismic-Stream-Job (b31b6d9b57f538b2e37733aab283db17)
2026-03-09 19:39:30 [DS2.Controller ] INFO  Vertices: 7, Edges: 6
2026-03-09 19:39:30 [DS2.Controller ] INFO    Source: RocketMQ-Source -> Watermark-Assigner (P=1, arg=p-source)
2026-03-09 19:39:30 [DS2.Controller ] INFO    Hardware-Filter (P=2, arg=p-filter)
2026-03-09 19:39:30 [DS2.Controller ] INFO    Signal-Extraction (P=2, arg=p-signal)
2026-03-09 19:39:30 [DS2.Controller ] INFO    Feature-Extraction (P=2, arg=p-feature)
2026-03-09 19:39:30 [DS2.Controller ] INFO    Grid-Aggregation (P=2, arg=p-grid)
2026-03-09 19:39:30 [DS2.Controller ] INFO    Sink: GridSummary-Sink (P=3, arg=p-sink)
2026-03-09 19:39:30 [DS2.Controller ] INFO    Sink: EventFeature-Sink (P=3, arg=p-sink)
2026-03-09 19:39:30 [urllib3.connectionpool] DEBUG http://192.168.56.151:8081 "GET /jobs/b31b6d9b57f538b2e37733aab283db17/vertices/cbc357ccb763df2852fee8c4fc7d55f2/subtasks/metrics?get=numRecordsIn,numRecordsOut,accumulateBusyTimeMs HTTP/11" 200 224
2026-03-09 19:39:30 [DS2.Metrics    ] DEBUG   Source: RocketMQ-Source -> Watermark-Assigner in=     0.0/s out=  5891.4/s busy=0.000 true=     0.0/s sel=1.000
2026-03-09 19:39:30 [urllib3.connectionpool] DEBUG http://192.168.56.151:8081 "GET /jobs/b31b6d9b57f538b2e37733aab283db17/vertices/9dd63673dd41ea021b896d5203f3ba7c/subtasks/metrics?get=numRecordsIn,numRecordsOut,accumulateBusyTimeMs HTTP/11" 200 246
2026-03-09 19:39:30 [DS2.Metrics    ] DEBUG   Hardware-Filter           in=  5894.5/s out=  5894.5/s busy=0.798 true=  7388.9/s sel=1.000
2026-03-09 19:39:30 [urllib3.connectionpool] DEBUG http://192.168.56.151:8081 "GET /jobs/b31b6d9b57f538b2e37733aab283db17/vertices/1a936cb48657826a536f331e9fb33b5e/subtasks/metrics?get=numRecordsIn,numRecordsOut,accumulateBusyTimeMs HTTP/11" 200 246
2026-03-09 19:39:30 [DS2.Metrics    ] DEBUG   Signal-Extraction         in=  5295.4/s out=  5295.4/s busy=0.609 true=  8692.3/s sel=1.000
2026-03-09 19:39:30 [urllib3.connectionpool] DEBUG http://192.168.56.151:8081 "GET /jobs/b31b6d9b57f538b2e37733aab283db17/vertices/aa0083b97ffaad66a1e3b93651ba4449/subtasks/metrics?get=numRecordsIn,numRecordsOut,accumulateBusyTimeMs HTTP/11" 200 242
2026-03-09 19:39:30 [DS2.Metrics    ] DEBUG   Feature-Extraction        in=  5291.1/s out=  5291.1/s busy=0.047 true=105822.2/s sel=1.000
2026-03-09 19:39:30 [urllib3.connectionpool] DEBUG http://192.168.56.151:8081 "GET /jobs/b31b6d9b57f538b2e37733aab283db17/vertices/314d6810424be12aceab0578c18283f4/subtasks/metrics?get=numRecordsIn,numRecordsOut,accumulateBusyTimeMs HTTP/11" 200 225
2026-03-09 19:39:30 [DS2.Metrics    ] DEBUG   Grid-Aggregation          in=  5268.7/s out=     0.0/s busy=0.056 true= 94717.7/s sel=0.000
2026-03-09 19:39:30 [urllib3.connectionpool] DEBUG http://192.168.56.151:8081 "GET /jobs/b31b6d9b57f538b2e37733aab283db17/vertices/767c76260c664271178cbdb38d688aae/subtasks/metrics?get=numRecordsIn,numRecordsOut,accumulateBusyTimeMs HTTP/11" 200 196
2026-03-09 19:39:30 [DS2.Metrics    ] DEBUG   Sink: GridSummary-Sink    in=     0.0/s out=     0.0/s busy=0.000 true=     0.0/s sel=1.000
2026-03-09 19:39:30 [urllib3.connectionpool] DEBUG http://192.168.56.151:8081 "GET /jobs/b31b6d9b57f538b2e37733aab283db17/vertices/d28af86d1d256ddca4eeaaaee5f83c03/subtasks/metrics?get=numRecordsIn,numRecordsOut,accumulateBusyTimeMs HTTP/11" 200 235
2026-03-09 19:39:30 [DS2.Metrics    ] DEBUG   Sink: EventFeature-Sink   in= 10773.6/s out=     0.0/s busy=0.069 true=156593.7/s sel=0.000
2026-03-09 19:39:30 [DS2.Metrics    ] INFO  Metrics collected: 7/7 vertices valid
2026-03-09 19:39:30 [DS2.Model      ] INFO  ============================================================
2026-03-09 19:39:30 [DS2.Model      ] INFO  DS2 Model Computing ...
2026-03-09 19:39:30 [DS2.Model      ] INFO  ============================================================
2026-03-09 19:39:30 [DS2.Model      ] INFO  
--- Source: RocketMQ-Source -> Watermark-Assigner (P=1) ---
2026-03-09 19:39:30 [DS2.Model      ] INFO    actual_out=5891.4/s  busy=0.000  target_out=5891.4/s  -> P: 1 -> 1
2026-03-09 19:39:30 [DS2.Model      ] INFO  
--- Hardware-Filter (P=2) ---
2026-03-09 19:39:30 [DS2.Model      ] INFO    target_input=5891.4/s
2026-03-09 19:39:30 [DS2.Model      ] INFO    per_inst=3694.5/s  target_in_margin=10604.5/s  raw_p=3  -> P: 2 -> 3  target_out=5891.4/s
2026-03-09 19:39:30 [DS2.Model      ] INFO  
--- Signal-Extraction (P=2) ---
2026-03-09 19:39:30 [DS2.Model      ] INFO    target_input=5891.4/s
2026-03-09 19:39:30 [DS2.Model      ] INFO    per_inst=4346.2/s  target_in_margin=10604.5/s  raw_p=3  -> P: 2 -> 3  target_out=5891.4/s
2026-03-09 19:39:30 [DS2.Model      ] INFO  
--- Feature-Extraction (P=2) ---
2026-03-09 19:39:30 [DS2.Model      ] INFO    target_input=5891.4/s
2026-03-09 19:39:30 [DS2.Model      ] INFO    busy=0.047 < 0.1 -> Idle+underloaded: per_inst=52911.1 needed=1 -> SCALE_DOWN  P: 2 -> 1  target_out=5891.4/s
2026-03-09 19:39:30 [DS2.Model      ] INFO  
--- Grid-Aggregation (P=2) ---
2026-03-09 19:39:30 [DS2.Model      ] INFO    target_input=5891.4/s
2026-03-09 19:39:30 [DS2.Model      ] INFO    busy=0.056 < 0.1 -> Idle+underloaded: per_inst=47358.8 needed=1 -> SCALE_DOWN  P: 2 -> 1  target_out=0.0/s
2026-03-09 19:39:30 [DS2.Model      ] INFO  
--- Sink: EventFeature-Sink (P=3) ---
2026-03-09 19:39:30 [DS2.Model      ] INFO    target_input=5891.4/s
2026-03-09 19:39:30 [DS2.Model      ] INFO    busy=0.069 < 0.1 -> Idle+underloaded: per_inst=52197.9 needed=2 -> SCALE_DOWN  P: 3 -> 2  target_out=0.0/s
2026-03-09 19:39:30 [DS2.Model      ] INFO  
--- Sink: GridSummary-Sink (P=3) ---
2026-03-09 19:39:30 [DS2.Model      ] INFO    target_input=0.0/s
2026-03-09 19:39:30 [DS2.Model      ] INFO    busy=0.000 < 0.1 -> No upstream data, set min_p=1  P: 3 -> 1  target_out=0.0/s
2026-03-09 19:39:30 [DS2.Model      ] INFO  
============================================================
2026-03-09 19:39:30 [DS2.Model      ] INFO  Decision Summary:
2026-03-09 19:39:30 [DS2.Model      ] INFO  ------------------------------------------------------------
2026-03-09 19:39:30 [DS2.Model      ] INFO    Source: RocketMQ-Source -> Watermark-Assigner 1 -> 1  NO_CHANGE  (Source busy=0.000)
2026-03-09 19:39:30 [DS2.Model      ] INFO    Hardware-Filter                               2 -> 3  SCALE_UP [UP]  (in=10604.5 per_inst=3694.5 raw_p=3 busy=0.798)
2026-03-09 19:39:30 [DS2.Model      ] INFO    Signal-Extraction                             2 -> 3  SCALE_UP [UP]  (in=10604.5 per_inst=4346.2 raw_p=3 busy=0.609)
2026-03-09 19:39:30 [DS2.Model      ] INFO    Feature-Extraction                            2 -> 1  SCALE_DOWN [DOWN]  (Idle+underloaded: per_inst=52911.1 needed=1 -> SCALE_DOWN)
2026-03-09 19:39:30 [DS2.Model      ] INFO    Grid-Aggregation                              2 -> 1  SCALE_DOWN [DOWN]  (Idle+underloaded: per_inst=47358.8 needed=1 -> SCALE_DOWN)
2026-03-09 19:39:30 [DS2.Model      ] INFO    Sink: EventFeature-Sink                       3 -> 2  SCALE_DOWN [DOWN]  (Idle+underloaded: per_inst=52197.9 needed=2 -> SCALE_DOWN)
2026-03-09 19:39:30 [DS2.Model      ] INFO    Sink: GridSummary-Sink                        3 -> 1  SCALE_DOWN [DOWN]  (No upstream data, set min_p=1)
2026-03-09 19:39:30 [DS2.Model      ] INFO  ============================================================
2026-03-09 19:39:30 [DS2.Filter     ] DEBUG   Hardware-Filter: activation window 2/3, wait
2026-03-09 19:39:30 [DS2.Filter     ] DEBUG   Signal-Extraction: activation window 2/3, wait
2026-03-09 19:39:30 [DS2.Filter     ] DEBUG   Feature-Extraction: activation window 2/3, wait
2026-03-09 19:39:30 [DS2.Filter     ] DEBUG   Grid-Aggregation: activation window 2/3, wait
2026-03-09 19:39:30 [DS2.Filter     ] DEBUG   Sink: EventFeature-Sink: activation window 2/3, wait
2026-03-09 19:39:30 [DS2.Filter     ] DEBUG   Sink: GridSummary-Sink: activation window 2/3, wait
2026-03-09 19:39:30 [DS2.Filter     ] INFO    No decisions approved this round
2026-03-09 19:39:30 [DS2.Controller ] INFO  No approved changes
2026-03-09 19:39:45 [DS2.Controller ] INFO  
############################################################
2026-03-09 19:39:45 [DS2.Controller ] INFO  # Round 6
2026-03-09 19:39:45 [DS2.Controller ] INFO  ############################################################
2026-03-09 19:39:45 [urllib3.connectionpool] DEBUG http://192.168.56.151:8081 "GET /jobs/overview HTTP/11" 200 2108
2026-03-09 19:39:45 [urllib3.connectionpool] DEBUG http://192.168.56.151:8081 "GET /jobs/b31b6d9b57f538b2e37733aab283db17 HTTP/11" 200 7019
2026-03-09 19:39:45 [DS2.Controller ] INFO  Job: Seismic-Stream-Job (b31b6d9b57f538b2e37733aab283db17)
2026-03-09 19:39:45 [DS2.Controller ] INFO  Vertices: 7, Edges: 6
2026-03-09 19:39:45 [DS2.Controller ] INFO    Source: RocketMQ-Source -> Watermark-Assigner (P=1, arg=p-source)
2026-03-09 19:39:45 [DS2.Controller ] INFO    Hardware-Filter (P=2, arg=p-filter)
2026-03-09 19:39:45 [DS2.Controller ] INFO    Signal-Extraction (P=2, arg=p-signal)
2026-03-09 19:39:45 [DS2.Controller ] INFO    Feature-Extraction (P=2, arg=p-feature)
2026-03-09 19:39:45 [DS2.Controller ] INFO    Grid-Aggregation (P=2, arg=p-grid)
2026-03-09 19:39:45 [DS2.Controller ] INFO    Sink: GridSummary-Sink (P=3, arg=p-sink)
2026-03-09 19:39:45 [DS2.Controller ] INFO    Sink: EventFeature-Sink (P=3, arg=p-sink)
2026-03-09 19:39:45 [urllib3.connectionpool] DEBUG http://192.168.56.151:8081 "GET /jobs/b31b6d9b57f538b2e37733aab283db17/vertices/cbc357ccb763df2852fee8c4fc7d55f2/subtasks/metrics?get=numRecordsIn,numRecordsOut,accumulateBusyTimeMs HTTP/11" 200 224
2026-03-09 19:39:45 [DS2.Metrics    ] DEBUG   Source: RocketMQ-Source -> Watermark-Assigner in=     0.0/s out= 11652.4/s busy=0.000 true=     0.0/s sel=1.000
2026-03-09 19:39:45 [urllib3.connectionpool] DEBUG http://192.168.56.151:8081 "GET /jobs/b31b6d9b57f538b2e37733aab283db17/vertices/9dd63673dd41ea021b896d5203f3ba7c/subtasks/metrics?get=numRecordsIn,numRecordsOut,accumulateBusyTimeMs HTTP/11" 200 253
2026-03-09 19:39:45 [DS2.Metrics    ] DEBUG   Hardware-Filter           in= 11649.7/s out= 11649.7/s busy=1.000 true= 11649.7/s sel=1.000
2026-03-09 19:39:45 [urllib3.connectionpool] DEBUG http://192.168.56.151:8081 "GET /jobs/b31b6d9b57f538b2e37733aab283db17/vertices/1a936cb48657826a536f331e9fb33b5e/subtasks/metrics?get=numRecordsIn,numRecordsOut,accumulateBusyTimeMs HTTP/11" 200 252
2026-03-09 19:39:45 [DS2.Metrics    ] DEBUG   Signal-Extraction         in= 10455.1/s out= 10455.2/s busy=1.000 true= 10455.1/s sel=1.000
2026-03-09 19:39:45 [urllib3.connectionpool] DEBUG http://192.168.56.151:8081 "GET /jobs/b31b6d9b57f538b2e37733aab283db17/vertices/aa0083b97ffaad66a1e3b93651ba4449/subtasks/metrics?get=numRecordsIn,numRecordsOut,accumulateBusyTimeMs HTTP/11" 200 248
2026-03-09 19:39:45 [DS2.Metrics    ] DEBUG   Feature-Extraction        in= 10461.6/s out= 10461.6/s busy=0.090 true=115914.8/s sel=1.000
2026-03-09 19:39:45 [urllib3.connectionpool] DEBUG http://192.168.56.151:8081 "GET /jobs/b31b6d9b57f538b2e37733aab283db17/vertices/314d6810424be12aceab0578c18283f4/subtasks/metrics?get=numRecordsIn,numRecordsOut,accumulateBusyTimeMs HTTP/11" 200 228
2026-03-09 19:39:45 [DS2.Metrics    ] DEBUG   Grid-Aggregation          in= 10470.0/s out=     0.0/s busy=0.083 true=126103.0/s sel=0.000
2026-03-09 19:39:45 [urllib3.connectionpool] DEBUG http://192.168.56.151:8081 "GET /jobs/b31b6d9b57f538b2e37733aab283db17/vertices/767c76260c664271178cbdb38d688aae/subtasks/metrics?get=numRecordsIn,numRecordsOut,accumulateBusyTimeMs HTTP/11" 200 196
2026-03-09 19:39:45 [DS2.Metrics    ] DEBUG   Sink: GridSummary-Sink    in=     0.0/s out=     0.0/s busy=0.000 true=     0.0/s sel=1.000
2026-03-09 19:39:45 [urllib3.connectionpool] DEBUG http://192.168.56.151:8081 "GET /jobs/b31b6d9b57f538b2e37733aab283db17/vertices/d28af86d1d256ddca4eeaaaee5f83c03/subtasks/metrics?get=numRecordsIn,numRecordsOut,accumulateBusyTimeMs HTTP/11" 200 239
2026-03-09 19:39:45 [DS2.Metrics    ] DEBUG   Sink: EventFeature-Sink   in=  4965.5/s out=     0.0/s busy=0.024 true= 99310.2/s sel=0.000
2026-03-09 19:39:45 [DS2.Metrics    ] INFO  Metrics collected: 7/7 vertices valid
2026-03-09 19:39:45 [DS2.Model      ] INFO  ============================================================
2026-03-09 19:39:45 [DS2.Model      ] INFO  DS2 Model Computing ...
2026-03-09 19:39:45 [DS2.Model      ] INFO  ============================================================
2026-03-09 19:39:45 [DS2.Model      ] INFO  
--- Source: RocketMQ-Source -> Watermark-Assigner (P=1) ---
2026-03-09 19:39:45 [DS2.Model      ] INFO    actual_out=11652.4/s  busy=0.000  target_out=11652.4/s  -> P: 1 -> 1
2026-03-09 19:39:45 [DS2.Model      ] INFO  
--- Hardware-Filter (P=2) ---
2026-03-09 19:39:45 [DS2.Model      ] INFO    target_input=11652.4/s
2026-03-09 19:39:45 [DS2.Model      ] INFO    per_inst=5824.8/s  target_in_margin=20974.3/s  raw_p=4  -> P: 2 -> 4  target_out=11652.4/s
2026-03-09 19:39:45 [DS2.Model      ] INFO  
--- Signal-Extraction (P=2) ---
2026-03-09 19:39:45 [DS2.Model      ] INFO    target_input=11652.4/s
2026-03-09 19:39:45 [DS2.Model      ] INFO    per_inst=5227.6/s  target_in_margin=20974.3/s  raw_p=5  -> P: 2 -> 5  target_out=11652.5/s
2026-03-09 19:39:45 [DS2.Model      ] INFO  
--- Feature-Extraction (P=2) ---
2026-03-09 19:39:45 [DS2.Model      ] INFO    target_input=11652.5/s
2026-03-09 19:39:45 [DS2.Model      ] INFO    busy=0.090 < 0.1 -> Idle+underloaded: per_inst=57957.4 needed=1 -> SCALE_DOWN  P: 2 -> 1  target_out=11652.5/s
2026-03-09 19:39:45 [DS2.Model      ] INFO  
--- Grid-Aggregation (P=2) ---
2026-03-09 19:39:45 [DS2.Model      ] INFO    target_input=11652.5/s
2026-03-09 19:39:45 [DS2.Model      ] INFO    busy=0.083 < 0.1 -> Idle+underloaded: per_inst=63051.5 needed=1 -> SCALE_DOWN  P: 2 -> 1  target_out=0.0/s
2026-03-09 19:39:45 [DS2.Model      ] INFO  
--- Sink: EventFeature-Sink (P=3) ---
2026-03-09 19:39:45 [DS2.Model      ] INFO    target_input=11652.5/s
2026-03-09 19:39:45 [DS2.Model      ] INFO    busy=0.024 < 0.1 -> Idle+underloaded: per_inst=33103.4 needed=2 -> SCALE_DOWN  P: 3 -> 2  target_out=0.0/s
2026-03-09 19:39:45 [DS2.Model      ] INFO  
--- Sink: GridSummary-Sink (P=3) ---
2026-03-09 19:39:45 [DS2.Model      ] INFO    target_input=0.0/s
2026-03-09 19:39:45 [DS2.Model      ] INFO    busy=0.000 < 0.1 -> No upstream data, set min_p=1  P: 3 -> 1  target_out=0.0/s
2026-03-09 19:39:45 [DS2.Model      ] INFO  
============================================================
2026-03-09 19:39:45 [DS2.Model      ] INFO  Decision Summary:
2026-03-09 19:39:45 [DS2.Model      ] INFO  ------------------------------------------------------------
2026-03-09 19:39:45 [DS2.Model      ] INFO    Source: RocketMQ-Source -> Watermark-Assigner 1 -> 1  NO_CHANGE  (Source busy=0.000)
2026-03-09 19:39:45 [DS2.Model      ] INFO    Hardware-Filter                               2 -> 4  SCALE_UP [UP]  (in=20974.3 per_inst=5824.8 raw_p=4 busy=1.000)
2026-03-09 19:39:45 [DS2.Model      ] INFO    Signal-Extraction                             2 -> 5  SCALE_UP [UP]  (in=20974.3 per_inst=5227.6 raw_p=5 busy=1.000)
2026-03-09 19:39:45 [DS2.Model      ] INFO    Feature-Extraction                            2 -> 1  SCALE_DOWN [DOWN]  (Idle+underloaded: per_inst=57957.4 needed=1 -> SCALE_DOWN)
2026-03-09 19:39:45 [DS2.Model      ] INFO    Grid-Aggregation                              2 -> 1  SCALE_DOWN [DOWN]  (Idle+underloaded: per_inst=63051.5 needed=1 -> SCALE_DOWN)
2026-03-09 19:39:45 [DS2.Model      ] INFO    Sink: EventFeature-Sink                       3 -> 2  SCALE_DOWN [DOWN]  (Idle+underloaded: per_inst=33103.4 needed=2 -> SCALE_DOWN)
2026-03-09 19:39:45 [DS2.Model      ] INFO    Sink: GridSummary-Sink                        3 -> 1  SCALE_DOWN [DOWN]  (No upstream data, set min_p=1)
2026-03-09 19:39:45 [DS2.Model      ] INFO  ============================================================
2026-03-09 19:39:45 [DS2.Filter     ] INFO    [APPROVED] Hardware-Filter: 2 -> 3 (window=[3, 3, 4])
2026-03-09 19:39:45 [DS2.Filter     ] DEBUG   Signal-Extraction: unstable window [3, 3, 5], skip
2026-03-09 19:39:45 [DS2.Filter     ] INFO    [APPROVED] Feature-Extraction: 2 -> 1 (window=[1, 1, 1])
2026-03-09 19:39:45 [DS2.Filter     ] INFO    [APPROVED] Grid-Aggregation: 2 -> 1 (window=[1, 1, 1])
2026-03-09 19:39:45 [DS2.Filter     ] INFO    [APPROVED] Sink: EventFeature-Sink: 3 -> 2 (window=[1, 2, 2])
2026-03-09 19:39:45 [DS2.Filter     ] INFO    [APPROVED] Sink: GridSummary-Sink: 3 -> 1 (window=[1, 1, 1])
2026-03-09 19:39:45 [DS2.Controller ] INFO  5 change(s) approved, executing ...
2026-03-09 19:39:45 [DS2.Executor   ] INFO  ============================================================
2026-03-09 19:39:45 [DS2.Executor   ] INFO  EXECUTING SCALING
2026-03-09 19:39:45 [DS2.Executor   ] INFO  ============================================================
2026-03-09 19:39:45 [DS2.Executor   ] INFO    Hardware-Filter: 2 -> 3
2026-03-09 19:39:45 [DS2.Executor   ] INFO    Feature-Extraction: 2 -> 1
2026-03-09 19:39:45 [DS2.Executor   ] INFO    Grid-Aggregation: 2 -> 1
2026-03-09 19:39:45 [DS2.Executor   ] INFO    Sink: EventFeature-Sink: 3 -> 2
2026-03-09 19:39:45 [DS2.Executor   ] INFO    Sink: GridSummary-Sink: 3 -> 1
2026-03-09 19:39:45 [urllib3.connectionpool] DEBUG http://192.168.56.151:8081 "GET /jars HTTP/11" 200 261
2026-03-09 19:39:45 [DS2.Executor   ] INFO  JAR id: 72b3c034-81e4-451b-bbd3-393d5ce2572c_flink-rocketmq-demo-1.0-SNAPSHOT.jar
2026-03-09 19:39:45 [DS2.Executor   ] INFO  programArgs: --p-feature 1 --p-filter 3 --p-grid 1 --p-signal 2 --p-sink 2 --p-source 1
2026-03-09 19:39:45 [DS2.FlinkClient] INFO  Triggering savepoint ...
2026-03-09 19:39:45 [DS2.FlinkClient] INFO    target dir: hdfs://node01:9000/flink/savepoints
2026-03-09 19:39:45 [urllib3.connectionpool] DEBUG http://192.168.56.151:8081 "POST /jobs/b31b6d9b57f538b2e37733aab283db17/savepoints HTTP/11" 202 49
2026-03-09 19:39:46 [urllib3.connectionpool] DEBUG http://192.168.56.151:8081 "GET /jobs/b31b6d9b57f538b2e37733aab283db17/savepoints/a3cecd842aac55f56ea697446de2b112 HTTP/11" 200 48
2026-03-09 19:39:47 [urllib3.connectionpool] DEBUG http://192.168.56.151:8081 "GET /jobs/b31b6d9b57f538b2e37733aab283db17/savepoints/a3cecd842aac55f56ea697446de2b112 HTTP/11" 200 48
2026-03-09 19:39:48 [urllib3.connectionpool] DEBUG http://192.168.56.151:8081 "GET /jobs/b31b6d9b57f538b2e37733aab283db17/savepoints/a3cecd842aac55f56ea697446de2b112 HTTP/11" 200 48
2026-03-09 19:39:49 [urllib3.connectionpool] DEBUG http://192.168.56.151:8081 "GET /jobs/b31b6d9b57f538b2e37733aab283db17/savepoints/a3cecd842aac55f56ea697446de2b112 HTTP/11" 200 48
2026-03-09 19:39:50 [urllib3.connectionpool] DEBUG http://192.168.56.151:8081 "GET /jobs/b31b6d9b57f538b2e37733aab283db17/savepoints/a3cecd842aac55f56ea697446de2b112 HTTP/11" 200 48
2026-03-09 19:39:51 [urllib3.connectionpool] DEBUG http://192.168.56.151:8081 "GET /jobs/b31b6d9b57f538b2e37733aab283db17/savepoints/a3cecd842aac55f56ea697446de2b112 HTTP/11" 200 122
2026-03-09 19:39:51 [DS2.FlinkClient] INFO  Savepoint done: hdfs://node01:9000/flink/savepoints/savepoint-b31b6d-740f2a94e104
2026-03-09 19:39:51 [DS2.FlinkClient] INFO  Cancelling job b31b6d9b57f538b2e37733aab283db17 ...
2026-03-09 19:39:51 [urllib3.connectionpool] DEBUG http://192.168.56.151:8081 "PATCH /jobs/b31b6d9b57f538b2e37733aab283db17?mode=cancel HTTP/11" 202 2
2026-03-09 19:39:52 [urllib3.connectionpool] DEBUG http://192.168.56.151:8081 "GET /jobs/b31b6d9b57f538b2e37733aab283db17 HTTP/11" 200 7128
2026-03-09 19:39:53 [urllib3.connectionpool] DEBUG http://192.168.56.151:8081 "GET /jobs/b31b6d9b57f538b2e37733aab283db17 HTTP/11" 200 7128
2026-03-09 19:39:54 [urllib3.connectionpool] DEBUG http://192.168.56.151:8081 "GET /jobs/b31b6d9b57f538b2e37733aab283db17 HTTP/11" 200 7128
2026-03-09 19:39:55 [urllib3.connectionpool] DEBUG http://192.168.56.151:8081 "GET /jobs/b31b6d9b57f538b2e37733aab283db17 HTTP/11" 200 7160
2026-03-09 19:39:55 [DS2.FlinkClient] INFO  Job cancelled
2026-03-09 19:39:55 [DS2.Executor   ] INFO  Waiting 5s for resource release ...
2026-03-09 19:40:00 [DS2.FlinkClient] INFO  Submitting job: global_parallelism=3
2026-03-09 19:40:00 [DS2.FlinkClient] INFO    programArgs : --p-feature 1 --p-filter 3 --p-grid 1 --p-signal 2 --p-sink 2 --p-source 1
2026-03-09 19:40:00 [DS2.FlinkClient] INFO    savepoint   : hdfs://node01:9000/flink/savepoints/savepoint-b31b6d-740f2a94e104
2026-03-09 19:40:02 [urllib3.connectionpool] DEBUG http://192.168.56.151:8081 "POST /jars/72b3c034-81e4-451b-bbd3-393d5ce2572c_flink-rocketmq-demo-1.0-SNAPSHOT.jar/run HTTP/11" 200 44
2026-03-09 19:40:02 [DS2.FlinkClient] INFO  Job submitted: be1e75d97158af6f2af67b6555728cc1
2026-03-09 19:40:02 [DS2.Executor   ] INFO  [OK] Scaling complete! New Job: be1e75d97158af6f2af67b6555728cc1
2026-03-09 19:40:02 [DS2.Metrics    ] INFO  Metrics collector reset
2026-03-09 19:40:02 [DS2.Filter     ] INFO  Decision filter reset
2026-03-09 19:40:02 [DS2.Controller ] INFO  Scaling done, warm-up 30s starts
2026-03-09 19:40:17 [DS2.Controller ] INFO  
############################################################
2026-03-09 19:40:17 [DS2.Controller ] INFO  # Round 7
2026-03-09 19:40:17 [DS2.Controller ] INFO  ############################################################
2026-03-09 19:40:17 [urllib3.connectionpool] DEBUG http://192.168.56.151:8081 "GET /jobs/overview HTTP/11" 200 2459
2026-03-09 19:40:17 [DS2.Controller ] INFO  Warm-up: 15s / 30s
2026-03-09 19:40:17 [DS2.Controller ] INFO  Warming up, skip
2026-03-09 19:40:32 [DS2.Controller ] INFO  
############################################################
2026-03-09 19:40:32 [DS2.Controller ] INFO  # Round 8
2026-03-09 19:40:32 [DS2.Controller ] INFO  ############################################################
2026-03-09 19:40:32 [urllib3.connectionpool] DEBUG http://192.168.56.151:8081 "GET /jobs/overview HTTP/11" 200 2459
2026-03-09 19:40:32 [urllib3.connectionpool] DEBUG http://192.168.56.151:8081 "GET /jobs/be1e75d97158af6f2af67b6555728cc1 HTTP/11" 200 7009
2026-03-09 19:40:32 [DS2.Controller ] INFO  Job: Seismic-Stream-Job (be1e75d97158af6f2af67b6555728cc1)
2026-03-09 19:40:32 [DS2.Controller ] INFO  Vertices: 7, Edges: 6
2026-03-09 19:40:32 [DS2.Controller ] INFO    Source: RocketMQ-Source -> Watermark-Assigner (P=1, arg=p-source)
2026-03-09 19:40:32 [DS2.Controller ] INFO    Hardware-Filter (P=3, arg=p-filter)
2026-03-09 19:40:32 [DS2.Controller ] INFO    Signal-Extraction (P=2, arg=p-signal)
2026-03-09 19:40:32 [DS2.Controller ] INFO    Feature-Extraction (P=1, arg=p-feature)
2026-03-09 19:40:32 [DS2.Controller ] INFO    Grid-Aggregation (P=1, arg=p-grid)
2026-03-09 19:40:32 [DS2.Controller ] INFO    Sink: GridSummary-Sink (P=2, arg=p-sink)
2026-03-09 19:40:32 [DS2.Controller ] INFO    Sink: EventFeature-Sink (P=2, arg=p-sink)
2026-03-09 19:40:32 [urllib3.connectionpool] DEBUG http://192.168.56.151:8081 "GET /jobs/be1e75d97158af6f2af67b6555728cc1/vertices/cbc357ccb763df2852fee8c4fc7d55f2/subtasks/metrics?get=numRecordsIn,numRecordsOut,accumulateBusyTimeMs HTTP/11" 200 220
2026-03-09 19:40:32 [urllib3.connectionpool] DEBUG http://192.168.56.151:8081 "GET /jobs/be1e75d97158af6f2af67b6555728cc1/vertices/9dd63673dd41ea021b896d5203f3ba7c/subtasks/metrics?get=numRecordsIn,numRecordsOut,accumulateBusyTimeMs HTTP/11" 200 266
2026-03-09 19:40:32 [urllib3.connectionpool] DEBUG http://192.168.56.151:8081 "GET /jobs/be1e75d97158af6f2af67b6555728cc1/vertices/1a936cb48657826a536f331e9fb33b5e/subtasks/metrics?get=numRecordsIn,numRecordsOut,accumulateBusyTimeMs HTTP/11" 200 244
2026-03-09 19:40:32 [urllib3.connectionpool] DEBUG http://192.168.56.151:8081 "GET /jobs/be1e75d97158af6f2af67b6555728cc1/vertices/aa0083b97ffaad66a1e3b93651ba4449/subtasks/metrics?get=numRecordsIn,numRecordsOut,accumulateBusyTimeMs HTTP/11" 200 240
2026-03-09 19:40:32 [urllib3.connectionpool] DEBUG http://192.168.56.151:8081 "GET /jobs/be1e75d97158af6f2af67b6555728cc1/vertices/314d6810424be12aceab0578c18283f4/subtasks/metrics?get=numRecordsIn,numRecordsOut,accumulateBusyTimeMs HTTP/11" 200 232
2026-03-09 19:40:32 [urllib3.connectionpool] DEBUG http://192.168.56.151:8081 "GET /jobs/be1e75d97158af6f2af67b6555728cc1/vertices/767c76260c664271178cbdb38d688aae/subtasks/metrics?get=numRecordsIn,numRecordsOut,accumulateBusyTimeMs HTTP/11" 200 212
2026-03-09 19:40:32 [urllib3.connectionpool] DEBUG http://192.168.56.151:8081 "GET /jobs/be1e75d97158af6f2af67b6555728cc1/vertices/d28af86d1d256ddca4eeaaaee5f83c03/subtasks/metrics?get=numRecordsIn,numRecordsOut,accumulateBusyTimeMs HTTP/11" 200 224
2026-03-09 19:40:32 [DS2.Metrics    ] INFO  Metrics collected: 0/7 vertices valid
2026-03-09 19:40:32 [DS2.Controller ] INFO  Need at least 2 samples for diff, skip
2026-03-09 19:40:47 [DS2.Controller ] INFO  
############################################################
2026-03-09 19:40:47 [DS2.Controller ] INFO  # Round 9
2026-03-09 19:40:47 [DS2.Controller ] INFO  ############################################################
2026-03-09 19:40:47 [urllib3.connectionpool] DEBUG http://192.168.56.151:8081 "GET /jobs/overview HTTP/11" 200 2459
2026-03-09 19:40:47 [urllib3.connectionpool] DEBUG http://192.168.56.151:8081 "GET /jobs/be1e75d97158af6f2af67b6555728cc1 HTTP/11" 200 7009
2026-03-09 19:40:47 [DS2.Controller ] INFO  Job: Seismic-Stream-Job (be1e75d97158af6f2af67b6555728cc1)
2026-03-09 19:40:47 [DS2.Controller ] INFO  Vertices: 7, Edges: 6
2026-03-09 19:40:47 [DS2.Controller ] INFO    Source: RocketMQ-Source -> Watermark-Assigner (P=1, arg=p-source)
2026-03-09 19:40:47 [DS2.Controller ] INFO    Hardware-Filter (P=3, arg=p-filter)
2026-03-09 19:40:47 [DS2.Controller ] INFO    Signal-Extraction (P=2, arg=p-signal)
2026-03-09 19:40:47 [DS2.Controller ] INFO    Feature-Extraction (P=1, arg=p-feature)
2026-03-09 19:40:47 [DS2.Controller ] INFO    Grid-Aggregation (P=1, arg=p-grid)
2026-03-09 19:40:47 [DS2.Controller ] INFO    Sink: GridSummary-Sink (P=2, arg=p-sink)
2026-03-09 19:40:47 [DS2.Controller ] INFO    Sink: EventFeature-Sink (P=2, arg=p-sink)
2026-03-09 19:40:47 [urllib3.connectionpool] DEBUG http://192.168.56.151:8081 "GET /jobs/be1e75d97158af6f2af67b6555728cc1/vertices/cbc357ccb763df2852fee8c4fc7d55f2/subtasks/metrics?get=numRecordsIn,numRecordsOut,accumulateBusyTimeMs HTTP/11" 200 220
2026-03-09 19:40:47 [DS2.Metrics    ] DEBUG   Source: RocketMQ-Source -> Watermark-Assigner in=     0.0/s out=     0.0/s busy=0.000 true=     0.0/s sel=1.000
2026-03-09 19:40:47 [urllib3.connectionpool] DEBUG http://192.168.56.151:8081 "GET /jobs/be1e75d97158af6f2af67b6555728cc1/vertices/9dd63673dd41ea021b896d5203f3ba7c/subtasks/metrics?get=numRecordsIn,numRecordsOut,accumulateBusyTimeMs HTTP/11" 200 266
2026-03-09 19:40:47 [DS2.Metrics    ] DEBUG   Hardware-Filter           in=     0.0/s out=     0.0/s busy=0.000 true=     0.0/s sel=1.000
2026-03-09 19:40:47 [urllib3.connectionpool] DEBUG http://192.168.56.151:8081 "GET /jobs/be1e75d97158af6f2af67b6555728cc1/vertices/1a936cb48657826a536f331e9fb33b5e/subtasks/metrics?get=numRecordsIn,numRecordsOut,accumulateBusyTimeMs HTTP/11" 200 244
2026-03-09 19:40:47 [DS2.Metrics    ] DEBUG   Signal-Extraction         in=     0.0/s out=     0.0/s busy=0.000 true=     0.0/s sel=1.000
2026-03-09 19:40:47 [urllib3.connectionpool] DEBUG http://192.168.56.151:8081 "GET /jobs/be1e75d97158af6f2af67b6555728cc1/vertices/aa0083b97ffaad66a1e3b93651ba4449/subtasks/metrics?get=numRecordsIn,numRecordsOut,accumulateBusyTimeMs HTTP/11" 200 240
2026-03-09 19:40:47 [DS2.Metrics    ] DEBUG   Feature-Extraction        in=     0.0/s out=     0.0/s busy=0.000 true=     0.0/s sel=1.000
2026-03-09 19:40:47 [urllib3.connectionpool] DEBUG http://192.168.56.151:8081 "GET /jobs/be1e75d97158af6f2af67b6555728cc1/vertices/314d6810424be12aceab0578c18283f4/subtasks/metrics?get=numRecordsIn,numRecordsOut,accumulateBusyTimeMs HTTP/11" 200 232
2026-03-09 19:40:47 [DS2.Metrics    ] DEBUG   Grid-Aggregation          in=     0.0/s out=     0.0/s busy=0.000 true=     0.0/s sel=1.000
2026-03-09 19:40:47 [urllib3.connectionpool] DEBUG http://192.168.56.151:8081 "GET /jobs/be1e75d97158af6f2af67b6555728cc1/vertices/767c76260c664271178cbdb38d688aae/subtasks/metrics?get=numRecordsIn,numRecordsOut,accumulateBusyTimeMs HTTP/11" 200 212
2026-03-09 19:40:47 [DS2.Metrics    ] DEBUG   Sink: GridSummary-Sink    in=     0.0/s out=     0.0/s busy=0.000 true=     0.0/s sel=1.000
2026-03-09 19:40:47 [urllib3.connectionpool] DEBUG http://192.168.56.151:8081 "GET /jobs/be1e75d97158af6f2af67b6555728cc1/vertices/d28af86d1d256ddca4eeaaaee5f83c03/subtasks/metrics?get=numRecordsIn,numRecordsOut,accumulateBusyTimeMs HTTP/11" 200 224
2026-03-09 19:40:47 [DS2.Metrics    ] DEBUG   Sink: EventFeature-Sink   in=     0.0/s out=     0.0/s busy=0.000 true=     0.0/s sel=1.000
2026-03-09 19:40:47 [DS2.Metrics    ] INFO  Metrics collected: 7/7 vertices valid
2026-03-09 19:40:47 [DS2.Model      ] INFO  ============================================================
2026-03-09 19:40:47 [DS2.Model      ] INFO  DS2 Model Computing ...
2026-03-09 19:40:47 [DS2.Model      ] INFO  ============================================================
2026-03-09 19:40:47 [DS2.Model      ] INFO  
--- Source: RocketMQ-Source -> Watermark-Assigner (P=1) ---
2026-03-09 19:40:47 [DS2.Model      ] INFO    actual_out=0.0/s  busy=0.000  target_out=0.0/s  -> P: 1 -> 1
2026-03-09 19:40:47 [DS2.Model      ] INFO  
--- Hardware-Filter (P=3) ---
2026-03-09 19:40:47 [DS2.Model      ] INFO    target_input=0.0/s
2026-03-09 19:40:47 [DS2.Model      ] INFO    busy=0.000 < 0.1 -> No upstream data, set min_p=1  P: 3 -> 1  target_out=0.0/s
2026-03-09 19:40:47 [DS2.Model      ] INFO  
--- Signal-Extraction (P=2) ---
2026-03-09 19:40:47 [DS2.Model      ] INFO    target_input=0.0/s
2026-03-09 19:40:47 [DS2.Model      ] INFO    busy=0.000 < 0.1 -> No upstream data, set min_p=1  P: 2 -> 1  target_out=0.0/s
2026-03-09 19:40:47 [DS2.Model      ] INFO  
--- Feature-Extraction (P=1) ---
2026-03-09 19:40:47 [DS2.Model      ] INFO    target_input=0.0/s
2026-03-09 19:40:47 [DS2.Model      ] INFO    busy=0.000 < 0.1 -> No upstream data, set min_p=1  P: 1 -> 1  target_out=0.0/s
2026-03-09 19:40:47 [DS2.Model      ] INFO  
--- Grid-Aggregation (P=1) ---
2026-03-09 19:40:47 [DS2.Model      ] INFO    target_input=0.0/s
2026-03-09 19:40:47 [DS2.Model      ] INFO    busy=0.000 < 0.1 -> No upstream data, set min_p=1  P: 1 -> 1  target_out=0.0/s
2026-03-09 19:40:47 [DS2.Model      ] INFO  
--- Sink: EventFeature-Sink (P=2) ---
2026-03-09 19:40:47 [DS2.Model      ] INFO    target_input=0.0/s
2026-03-09 19:40:47 [DS2.Model      ] INFO    busy=0.000 < 0.1 -> No upstream data, set min_p=1  P: 2 -> 1  target_out=0.0/s
2026-03-09 19:40:47 [DS2.Model      ] INFO  
--- Sink: GridSummary-Sink (P=2) ---
2026-03-09 19:40:47 [DS2.Model      ] INFO    target_input=0.0/s
2026-03-09 19:40:47 [DS2.Model      ] INFO    busy=0.000 < 0.1 -> No upstream data, set min_p=1  P: 2 -> 1  target_out=0.0/s
2026-03-09 19:40:47 [DS2.Model      ] INFO  
============================================================
2026-03-09 19:40:47 [DS2.Model      ] INFO  Decision Summary:
2026-03-09 19:40:47 [DS2.Model      ] INFO  ------------------------------------------------------------
2026-03-09 19:40:47 [DS2.Model      ] INFO    Source: RocketMQ-Source -> Watermark-Assigner 1 -> 1  NO_CHANGE  (Source busy=0.000)
2026-03-09 19:40:47 [DS2.Model      ] INFO    Hardware-Filter                               3 -> 1  SCALE_DOWN [DOWN]  (No upstream data, set min_p=1)
2026-03-09 19:40:47 [DS2.Model      ] INFO    Signal-Extraction                             2 -> 1  SCALE_DOWN [DOWN]  (No upstream data, set min_p=1)
2026-03-09 19:40:47 [DS2.Model      ] INFO    Feature-Extraction                            1 -> 1  NO_CHANGE  (No upstream data, set min_p=1)
2026-03-09 19:40:47 [DS2.Model      ] INFO    Grid-Aggregation                              1 -> 1  NO_CHANGE  (No upstream data, set min_p=1)
2026-03-09 19:40:47 [DS2.Model      ] INFO    Sink: EventFeature-Sink                       2 -> 1  SCALE_DOWN [DOWN]  (No upstream data, set min_p=1)
2026-03-09 19:40:47 [DS2.Model      ] INFO    Sink: GridSummary-Sink                        2 -> 1  SCALE_DOWN [DOWN]  (No upstream data, set min_p=1)
2026-03-09 19:40:47 [DS2.Model      ] INFO  ============================================================
2026-03-09 19:40:47 [DS2.Filter     ] DEBUG   Hardware-Filter: activation window 1/3, wait
2026-03-09 19:40:47 [DS2.Filter     ] DEBUG   Signal-Extraction: activation window 1/3, wait
2026-03-09 19:40:47 [DS2.Filter     ] DEBUG   Sink: EventFeature-Sink: activation window 1/3, wait
2026-03-09 19:40:47 [DS2.Filter     ] DEBUG   Sink: GridSummary-Sink: activation window 1/3, wait
2026-03-09 19:40:47 [DS2.Filter     ] INFO    No decisions approved this round
2026-03-09 19:40:47 [DS2.Controller ] INFO  No approved changes
2026-03-09 19:41:02 [DS2.Controller ] INFO  
############################################################
2026-03-09 19:41:02 [DS2.Controller ] INFO  # Round 10
2026-03-09 19:41:02 [DS2.Controller ] INFO  ############################################################
2026-03-09 19:41:02 [urllib3.connectionpool] DEBUG http://192.168.56.151:8081 "GET /jobs/overview HTTP/11" 200 2459
2026-03-09 19:41:02 [urllib3.connectionpool] DEBUG http://192.168.56.151:8081 "GET /jobs/be1e75d97158af6f2af67b6555728cc1 HTTP/11" 200 7001
2026-03-09 19:41:02 [DS2.Controller ] INFO  Job: Seismic-Stream-Job (be1e75d97158af6f2af67b6555728cc1)
2026-03-09 19:41:02 [DS2.Controller ] INFO  Vertices: 7, Edges: 6
2026-03-09 19:41:02 [DS2.Controller ] INFO    Source: RocketMQ-Source -> Watermark-Assigner (P=1, arg=p-source)
2026-03-09 19:41:02 [DS2.Controller ] INFO    Hardware-Filter (P=3, arg=p-filter)
2026-03-09 19:41:02 [DS2.Controller ] INFO    Signal-Extraction (P=2, arg=p-signal)
2026-03-09 19:41:02 [DS2.Controller ] INFO    Feature-Extraction (P=1, arg=p-feature)
2026-03-09 19:41:02 [DS2.Controller ] INFO    Grid-Aggregation (P=1, arg=p-grid)
2026-03-09 19:41:02 [DS2.Controller ] INFO    Sink: GridSummary-Sink (P=2, arg=p-sink)
2026-03-09 19:41:02 [DS2.Controller ] INFO    Sink: EventFeature-Sink (P=2, arg=p-sink)
2026-03-09 19:41:02 [urllib3.connectionpool] DEBUG http://192.168.56.151:8081 "GET /jobs/be1e75d97158af6f2af67b6555728cc1/vertices/cbc357ccb763df2852fee8c4fc7d55f2/subtasks/metrics?get=numRecordsIn,numRecordsOut,accumulateBusyTimeMs HTTP/11" 200 220
2026-03-09 19:41:02 [DS2.Metrics    ] DEBUG   Source: RocketMQ-Source -> Watermark-Assigner in=     0.0/s out=   597.4/s busy=0.000 true=     0.0/s sel=1.000
2026-03-09 19:41:02 [urllib3.connectionpool] DEBUG http://192.168.56.151:8081 "GET /jobs/be1e75d97158af6f2af67b6555728cc1/vertices/9dd63673dd41ea021b896d5203f3ba7c/subtasks/metrics?get=numRecordsIn,numRecordsOut,accumulateBusyTimeMs HTTP/11" 200 244
2026-03-09 19:41:02 [DS2.Metrics    ] DEBUG   Hardware-Filter           in=   597.7/s out=   597.7/s busy=0.000 true= 11953.6/s sel=1.000
2026-03-09 19:41:02 [urllib3.connectionpool] DEBUG http://192.168.56.151:8081 "GET /jobs/be1e75d97158af6f2af67b6555728cc1/vertices/1a936cb48657826a536f331e9fb33b5e/subtasks/metrics?get=numRecordsIn,numRecordsOut,accumulateBusyTimeMs HTTP/11" 200 243
2026-03-09 19:41:02 [DS2.Metrics    ] DEBUG   Signal-Extraction         in=   534.4/s out=   534.4/s busy=0.000 true= 10687.6/s sel=1.000
2026-03-09 19:41:02 [urllib3.connectionpool] DEBUG http://192.168.56.151:8081 "GET /jobs/be1e75d97158af6f2af67b6555728cc1/vertices/aa0083b97ffaad66a1e3b93651ba4449/subtasks/metrics?get=numRecordsIn,numRecordsOut,accumulateBusyTimeMs HTTP/11" 200 228
2026-03-09 19:41:02 [DS2.Metrics    ] DEBUG   Feature-Extraction        in=   542.5/s out=   542.5/s busy=0.000 true= 10849.8/s sel=1.000
2026-03-09 19:41:02 [urllib3.connectionpool] DEBUG http://192.168.56.151:8081 "GET /jobs/be1e75d97158af6f2af67b6555728cc1/vertices/314d6810424be12aceab0578c18283f4/subtasks/metrics?get=numRecordsIn,numRecordsOut,accumulateBusyTimeMs HTTP/11" 200 220
2026-03-09 19:41:02 [DS2.Metrics    ] DEBUG   Grid-Aggregation          in=   547.3/s out=     3.6/s busy=0.000 true= 10945.6/s sel=0.007
2026-03-09 19:41:02 [urllib3.connectionpool] DEBUG http://192.168.56.151:8081 "GET /jobs/be1e75d97158af6f2af67b6555728cc1/vertices/767c76260c664271178cbdb38d688aae/subtasks/metrics?get=numRecordsIn,numRecordsOut,accumulateBusyTimeMs HTTP/11" 200 204
2026-03-09 19:41:02 [DS2.Metrics    ] DEBUG   Sink: GridSummary-Sink    in=     3.6/s out=     0.0/s busy=0.000 true=    71.8/s sel=0.000
2026-03-09 19:41:02 [urllib3.connectionpool] DEBUG http://192.168.56.151:8081 "GET /jobs/be1e75d97158af6f2af67b6555728cc1/vertices/d28af86d1d256ddca4eeaaaee5f83c03/subtasks/metrics?get=numRecordsIn,numRecordsOut,accumulateBusyTimeMs HTTP/11" 200 212
2026-03-09 19:41:02 [DS2.Metrics    ] DEBUG   Sink: EventFeature-Sink   in=   547.3/s out=     0.0/s busy=0.000 true= 10945.6/s sel=0.000
2026-03-09 19:41:02 [DS2.Metrics    ] INFO  Metrics collected: 7/7 vertices valid
2026-03-09 19:41:02 [DS2.Model      ] INFO  ============================================================
2026-03-09 19:41:02 [DS2.Model      ] INFO  DS2 Model Computing ...
2026-03-09 19:41:02 [DS2.Model      ] INFO  ============================================================
2026-03-09 19:41:02 [DS2.Model      ] INFO  
--- Source: RocketMQ-Source -> Watermark-Assigner (P=1) ---
2026-03-09 19:41:02 [DS2.Model      ] INFO    actual_out=597.4/s  busy=0.000  target_out=597.4/s  -> P: 1 -> 1
2026-03-09 19:41:02 [DS2.Model      ] INFO  
--- Hardware-Filter (P=3) ---
2026-03-09 19:41:02 [DS2.Model      ] INFO    target_input=597.4/s
2026-03-09 19:41:02 [DS2.Model      ] INFO    busy=0.000 < 0.1 -> Idle+underloaded: per_inst=3984.5 needed=2 -> SCALE_DOWN  P: 3 -> 2  target_out=597.4/s
2026-03-09 19:41:02 [DS2.Model      ] INFO  
--- Signal-Extraction (P=2) ---
2026-03-09 19:41:02 [DS2.Model      ] INFO    target_input=597.4/s
2026-03-09 19:41:02 [DS2.Model      ] INFO    busy=0.000 < 0.1 -> Idle+underloaded: per_inst=5343.8 needed=1 -> SCALE_DOWN  P: 2 -> 1  target_out=597.4/s
2026-03-09 19:41:02 [DS2.Model      ] INFO  
--- Feature-Extraction (P=1) ---
2026-03-09 19:41:02 [DS2.Model      ] INFO    target_input=597.4/s
2026-03-09 19:41:02 [DS2.Model      ] INFO    busy=0.000 < 0.1 -> Idle (busy=0.000), capacity OK  P: 1 -> 1  target_out=597.4/s
2026-03-09 19:41:02 [DS2.Model      ] INFO  
--- Grid-Aggregation (P=1) ---
2026-03-09 19:41:02 [DS2.Model      ] INFO    target_input=597.4/s
2026-03-09 19:41:02 [DS2.Model      ] INFO    busy=0.000 < 0.1 -> Idle (busy=0.000), capacity OK  P: 1 -> 1  target_out=3.9/s
2026-03-09 19:41:02 [DS2.Model      ] INFO  
--- Sink: EventFeature-Sink (P=2) ---
2026-03-09 19:41:02 [DS2.Model      ] INFO    target_input=597.4/s
2026-03-09 19:41:02 [DS2.Model      ] INFO    busy=0.000 < 0.1 -> Idle+underloaded: per_inst=5472.8 needed=1 -> SCALE_DOWN  P: 2 -> 1  target_out=0.0/s
2026-03-09 19:41:02 [DS2.Model      ] INFO  
--- Sink: GridSummary-Sink (P=2) ---
2026-03-09 19:41:02 [DS2.Model      ] INFO    target_input=3.9/s
2026-03-09 19:41:02 [DS2.Model      ] INFO    busy=0.000 < 0.1 -> Idle+underloaded: per_inst=35.9 needed=1 -> SCALE_DOWN  P: 2 -> 1  target_out=0.0/s
2026-03-09 19:41:02 [DS2.Model      ] INFO  
============================================================
2026-03-09 19:41:02 [DS2.Model      ] INFO  Decision Summary:
2026-03-09 19:41:02 [DS2.Model      ] INFO  ------------------------------------------------------------
2026-03-09 19:41:02 [DS2.Model      ] INFO    Source: RocketMQ-Source -> Watermark-Assigner 1 -> 1  NO_CHANGE  (Source busy=0.000)
2026-03-09 19:41:02 [DS2.Model      ] INFO    Hardware-Filter                               3 -> 2  SCALE_DOWN [DOWN]  (Idle+underloaded: per_inst=3984.5 needed=2 -> SCALE_DOWN)
2026-03-09 19:41:02 [DS2.Model      ] INFO    Signal-Extraction                             2 -> 1  SCALE_DOWN [DOWN]  (Idle+underloaded: per_inst=5343.8 needed=1 -> SCALE_DOWN)
2026-03-09 19:41:02 [DS2.Model      ] INFO    Feature-Extraction                            1 -> 1  NO_CHANGE  (Idle (busy=0.000), capacity OK)
2026-03-09 19:41:02 [DS2.Model      ] INFO    Grid-Aggregation                              1 -> 1  NO_CHANGE  (Idle (busy=0.000), capacity OK)
2026-03-09 19:41:02 [DS2.Model      ] INFO    Sink: EventFeature-Sink                       2 -> 1  SCALE_DOWN [DOWN]  (Idle+underloaded: per_inst=5472.8 needed=1 -> SCALE_DOWN)
2026-03-09 19:41:02 [DS2.Model      ] INFO    Sink: GridSummary-Sink                        2 -> 1  SCALE_DOWN [DOWN]  (Idle+underloaded: per_inst=35.9 needed=1 -> SCALE_DOWN)
2026-03-09 19:41:02 [DS2.Model      ] INFO  ============================================================
2026-03-09 19:41:02 [DS2.Filter     ] DEBUG   Hardware-Filter: activation window 2/3, wait
2026-03-09 19:41:02 [DS2.Filter     ] DEBUG   Signal-Extraction: activation window 2/3, wait
2026-03-09 19:41:02 [DS2.Filter     ] DEBUG   Sink: EventFeature-Sink: activation window 2/3, wait
2026-03-09 19:41:02 [DS2.Filter     ] DEBUG   Sink: GridSummary-Sink: activation window 2/3, wait
2026-03-09 19:41:02 [DS2.Filter     ] INFO    No decisions approved this round
2026-03-09 19:41:02 [DS2.Controller ] INFO  No approved changes
2026-03-09 19:41:13 [DS2.Controller ] INFO  Signal 2 received, stopping ...
2026-03-09 19:41:14 [DS2.Controller ] INFO  DS2 Controller stopped
