2026-03-09 13:47:21 [DS2.Main       ] INFO  DS2 Configuration:
2026-03-09 13:47:21 [DS2.Main       ] INFO    flink_rest_url    = http://192.168.56.151:8081
2026-03-09 13:47:21 [DS2.Main       ] INFO    flink_job_name    = Seismic-Stream-Job
2026-03-09 13:47:21 [DS2.Main       ] INFO    policy_interval   = 15s
2026-03-09 13:47:21 [DS2.Main       ] INFO    warm_up_time      = 30s
2026-03-09 13:47:21 [DS2.Main       ] INFO    activation_window = 3
2026-03-09 13:47:21 [DS2.Main       ] INFO    target_rate_ratio = 1.5
2026-03-09 13:47:21 [DS2.Main       ] INFO    parallelism range = [1, 16]
2026-03-09 13:47:21 [DS2.Main       ] INFO    target_jar_name   = flink-rocketmq-demo-1.0-SNAPSHOT
2026-03-09 13:47:21 [DS2.Main       ] INFO    operator_mapping  = 7 operators:
2026-03-09 13:47:21 [DS2.Main       ] INFO      source       keyword='RocketMQ-Source'  arg='p-source'  default_p=1
2026-03-09 13:47:21 [DS2.Main       ] INFO      filter       keyword='Hardware-Filter'  arg='p-filter'  default_p=2
2026-03-09 13:47:21 [DS2.Main       ] INFO      signal       keyword='Signal-Extraction'  arg='p-signal'  default_p=2
2026-03-09 13:47:21 [DS2.Main       ] INFO      feature      keyword='Feature-Extraction'  arg='p-feature'  default_p=2
2026-03-09 13:47:21 [DS2.Main       ] INFO      grid         keyword='Grid-Aggregation'  arg='p-grid'  default_p=2
2026-03-09 13:47:21 [DS2.Main       ] INFO      sink_event   keyword='EventFeature-Sink'  arg='p-sink'  default_p=1
2026-03-09 13:47:21 [DS2.Main       ] INFO      sink_grid    keyword='GridSummary-Sink'  arg='p-sink'  default_p=1
2026-03-09 13:47:21 [DS2.Main       ] INFO  MODE: dry-run (no scaling will be executed)
2026-03-09 13:47:21 [urllib3.connectionpool] DEBUG Starting new HTTP connection (1): 192.168.56.151:8081
2026-03-09 13:47:21 [urllib3.connectionpool] DEBUG http://192.168.56.151:8081 "GET /overview HTTP/11" 200 175
2026-03-09 13:47:21 [DS2.FlinkClient] INFO  Connected to Flink 1.17.2
2026-03-09 13:47:21 [urllib3.connectionpool] DEBUG http://192.168.56.151:8081 "GET /jobs/overview HTTP/11" 200 349
2026-03-09 13:47:21 [urllib3.connectionpool] DEBUG http://192.168.56.151:8081 "GET /jobs/8c7ee79bac69429ac36e5a6806ed86f2 HTTP/11" 200 6978
2026-03-09 13:47:21 [DS2.DryRun     ] INFO  Job: Seismic-Stream-Job (8c7ee79bac69429ac36e5a6806ed86f2)
2026-03-09 13:47:21 [DS2.DryRun     ] INFO  Vertices (7):
2026-03-09 13:47:21 [DS2.DryRun     ] INFO    Source: RocketMQ-Source -> Watermark-Assigner  P=1  arg=p-source
2026-03-09 13:47:21 [DS2.DryRun     ] INFO    Hardware-Filter  P=2  arg=p-filter
2026-03-09 13:47:21 [DS2.DryRun     ] INFO    Signal-Extraction  P=2  arg=p-signal
2026-03-09 13:47:21 [DS2.DryRun     ] INFO    Feature-Extraction  P=2  arg=p-feature
2026-03-09 13:47:21 [DS2.DryRun     ] INFO    Grid-Aggregation  P=2  arg=p-grid
2026-03-09 13:47:21 [DS2.DryRun     ] INFO    Sink: GridSummary-Sink  P=4  arg=p-sink
2026-03-09 13:47:21 [DS2.DryRun     ] INFO    Sink: EventFeature-Sink  P=4  arg=p-sink
2026-03-09 13:47:21 [DS2.DryRun     ] INFO  Edges (6):
2026-03-09 13:47:21 [DS2.DryRun     ] INFO    Grid-Aggregation -> Sink: GridSummary-Sink
2026-03-09 13:47:21 [DS2.DryRun     ] INFO    Feature-Extraction -> Grid-Aggregation
2026-03-09 13:47:21 [DS2.DryRun     ] INFO    Feature-Extraction -> Sink: EventFeature-Sink
2026-03-09 13:47:21 [DS2.DryRun     ] INFO    Signal-Extraction -> Feature-Extraction
2026-03-09 13:47:21 [DS2.DryRun     ] INFO    Hardware-Filter -> Signal-Extraction
2026-03-09 13:47:21 [DS2.DryRun     ] INFO    Source: RocketMQ-Source -> Watermark-Assigner -> Hardware-Filter
2026-03-09 13:47:21 [DS2.DryRun     ] INFO  
Topological order:
2026-03-09 13:47:21 [DS2.DryRun     ] INFO    1. Source: RocketMQ-Source -> Watermark-Assigner
2026-03-09 13:47:21 [DS2.DryRun     ] INFO    2. Hardware-Filter
2026-03-09 13:47:21 [DS2.DryRun     ] INFO    3. Signal-Extraction
2026-03-09 13:47:21 [DS2.DryRun     ] INFO    4. Feature-Extraction
2026-03-09 13:47:21 [DS2.DryRun     ] INFO    5. Grid-Aggregation
2026-03-09 13:47:21 [DS2.DryRun     ] INFO    6. Sink: EventFeature-Sink
2026-03-09 13:47:21 [DS2.DryRun     ] INFO    7. Sink: GridSummary-Sink
2026-03-09 13:47:21 [DS2.DryRun     ] INFO  
--- Sample 1 ---
2026-03-09 13:47:21 [urllib3.connectionpool] DEBUG http://192.168.56.151:8081 "GET /jobs/8c7ee79bac69429ac36e5a6806ed86f2/vertices/cbc357ccb763df2852fee8c4fc7d55f2/subtasks/metrics?get=numRecordsIn,numRecordsOut,accumulateBusyTimeMs HTTP/11" 200 216
2026-03-09 13:47:21 [urllib3.connectionpool] DEBUG http://192.168.56.151:8081 "GET /jobs/8c7ee79bac69429ac36e5a6806ed86f2/vertices/9dd63673dd41ea021b896d5203f3ba7c/subtasks/metrics?get=numRecordsIn,numRecordsOut,accumulateBusyTimeMs HTTP/11" 200 233
2026-03-09 13:47:21 [urllib3.connectionpool] DEBUG http://192.168.56.151:8081 "GET /jobs/8c7ee79bac69429ac36e5a6806ed86f2/vertices/1a936cb48657826a536f331e9fb33b5e/subtasks/metrics?get=numRecordsIn,numRecordsOut,accumulateBusyTimeMs HTTP/11" 200 232
2026-03-09 13:47:21 [urllib3.connectionpool] DEBUG http://192.168.56.151:8081 "GET /jobs/8c7ee79bac69429ac36e5a6806ed86f2/vertices/aa0083b97ffaad66a1e3b93651ba4449/subtasks/metrics?get=numRecordsIn,numRecordsOut,accumulateBusyTimeMs HTTP/11" 200 228
2026-03-09 13:47:21 [urllib3.connectionpool] DEBUG http://192.168.56.151:8081 "GET /jobs/8c7ee79bac69429ac36e5a6806ed86f2/vertices/314d6810424be12aceab0578c18283f4/subtasks/metrics?get=numRecordsIn,numRecordsOut,accumulateBusyTimeMs HTTP/11" 200 216
2026-03-09 13:47:21 [urllib3.connectionpool] DEBUG http://192.168.56.151:8081 "GET /jobs/8c7ee79bac69429ac36e5a6806ed86f2/vertices/767c76260c664271178cbdb38d688aae/subtasks/metrics?get=numRecordsIn,numRecordsOut,accumulateBusyTimeMs HTTP/11" 200 205
2026-03-09 13:47:21 [urllib3.connectionpool] DEBUG http://192.168.56.151:8081 "GET /jobs/8c7ee79bac69429ac36e5a6806ed86f2/vertices/d28af86d1d256ddca4eeaaaee5f83c03/subtasks/metrics?get=numRecordsIn,numRecordsOut,accumulateBusyTimeMs HTTP/11" 200 218
2026-03-09 13:47:21 [DS2.Metrics    ] INFO  Metrics collected: 0/7 vertices valid
2026-03-09 13:47:21 [DS2.DryRun     ] INFO  Waiting 15s for sample 2 ...
2026-03-09 13:47:36 [urllib3.connectionpool] DEBUG http://192.168.56.151:8081 "GET /jobs/8c7ee79bac69429ac36e5a6806ed86f2 HTTP/11" 200 7005
2026-03-09 13:47:36 [DS2.DryRun     ] INFO  --- Sample 2 ---
2026-03-09 13:47:36 [urllib3.connectionpool] DEBUG http://192.168.56.151:8081 "GET /jobs/8c7ee79bac69429ac36e5a6806ed86f2/vertices/cbc357ccb763df2852fee8c4fc7d55f2/subtasks/metrics?get=numRecordsIn,numRecordsOut,accumulateBusyTimeMs HTTP/11" 200 220
2026-03-09 13:47:36 [DS2.Metrics    ] DEBUG   Source: RocketMQ-Source -> Watermark-Assigner in=     0.0/s out=  1514.2/s busy=0.000 true=     0.0/s sel=1.000
2026-03-09 13:47:36 [urllib3.connectionpool] DEBUG http://192.168.56.151:8081 "GET /jobs/8c7ee79bac69429ac36e5a6806ed86f2/vertices/9dd63673dd41ea021b896d5203f3ba7c/subtasks/metrics?get=numRecordsIn,numRecordsOut,accumulateBusyTimeMs HTTP/11" 200 244
2026-03-09 13:47:36 [DS2.Metrics    ] DEBUG   Hardware-Filter           in=  1506.4/s out=  1506.4/s busy=0.493 true=  3053.3/s sel=1.000
2026-03-09 13:47:36 [urllib3.connectionpool] DEBUG http://192.168.56.151:8081 "GET /jobs/8c7ee79bac69429ac36e5a6806ed86f2/vertices/1a936cb48657826a536f331e9fb33b5e/subtasks/metrics?get=numRecordsIn,numRecordsOut,accumulateBusyTimeMs HTTP/11" 200 235
2026-03-09 13:47:36 [DS2.Metrics    ] DEBUG   Signal-Extraction         in=   794.0/s out=   794.0/s busy=0.204 true=  3898.4/s sel=1.000
2026-03-09 13:47:36 [urllib3.connectionpool] DEBUG http://192.168.56.151:8081 "GET /jobs/8c7ee79bac69429ac36e5a6806ed86f2/vertices/aa0083b97ffaad66a1e3b93651ba4449/subtasks/metrics?get=numRecordsIn,numRecordsOut,accumulateBusyTimeMs HTTP/11" 200 228
2026-03-09 13:47:36 [DS2.Metrics    ] DEBUG   Feature-Extraction        in=   578.3/s out=   578.3/s busy=0.000 true= 11566.1/s sel=1.000
2026-03-09 13:47:36 [urllib3.connectionpool] DEBUG http://192.168.56.151:8081 "GET /jobs/8c7ee79bac69429ac36e5a6806ed86f2/vertices/314d6810424be12aceab0578c18283f4/subtasks/metrics?get=numRecordsIn,numRecordsOut,accumulateBusyTimeMs HTTP/11" 200 216
2026-03-09 13:47:36 [DS2.Metrics    ] DEBUG   Grid-Aggregation          in=   583.0/s out=     3.4/s busy=0.000 true= 11659.0/s sel=0.006
2026-03-09 13:47:36 [urllib3.connectionpool] DEBUG http://192.168.56.151:8081 "GET /jobs/8c7ee79bac69429ac36e5a6806ed86f2/vertices/767c76260c664271178cbdb38d688aae/subtasks/metrics?get=numRecordsIn,numRecordsOut,accumulateBusyTimeMs HTTP/11" 200 209
2026-03-09 13:47:36 [DS2.Metrics    ] DEBUG   Sink: GridSummary-Sink    in=     3.4/s out=     0.0/s busy=0.033 true=    69.0/s sel=0.000
2026-03-09 13:47:36 [urllib3.connectionpool] DEBUG http://192.168.56.151:8081 "GET /jobs/8c7ee79bac69429ac36e5a6806ed86f2/vertices/d28af86d1d256ddca4eeaaaee5f83c03/subtasks/metrics?get=numRecordsIn,numRecordsOut,accumulateBusyTimeMs HTTP/11" 200 225
2026-03-09 13:47:36 [DS2.Metrics    ] DEBUG   Sink: EventFeature-Sink   in=   250.1/s out=     0.0/s busy=1.000 true=   250.1/s sel=0.000
2026-03-09 13:47:36 [DS2.Metrics    ] INFO  Metrics collected: 7/7 vertices valid
2026-03-09 13:47:36 [DS2.DryRun     ] INFO  
================================================================================
2026-03-09 13:47:36 [DS2.DryRun     ] INFO  Operator                      In/s    Out/s   Busy   TrueRate    Sel   P
2026-03-09 13:47:36 [DS2.DryRun     ] INFO  --------------------------------------------------------------------------------
2026-03-09 13:47:36 [DS2.DryRun     ] INFO  Source: RocketMQ-Source -> Watermark-Assigner      0.0   1514.2  0.000        0.0  1.000   1
2026-03-09 13:47:36 [DS2.DryRun     ] INFO  Hardware-Filter             1506.4   1506.4  0.493     3053.3  1.000   2
2026-03-09 13:47:36 [DS2.DryRun     ] INFO  Signal-Extraction            794.0    794.0  0.204     3898.4  1.000   2
2026-03-09 13:47:36 [DS2.DryRun     ] INFO  Feature-Extraction           578.3    578.3  0.000    11566.1  1.000   2
2026-03-09 13:47:36 [DS2.DryRun     ] INFO  Grid-Aggregation             583.0      3.4  0.000    11659.0  0.006   2
2026-03-09 13:47:36 [DS2.DryRun     ] INFO  Sink: EventFeature-Sink      250.1      0.0  1.000      250.1  0.000   4
2026-03-09 13:47:36 [DS2.DryRun     ] INFO  Sink: GridSummary-Sink         3.4      0.0  0.033       69.0  0.000   4
2026-03-09 13:47:36 [DS2.DryRun     ] INFO  ================================================================================
2026-03-09 13:47:36 [DS2.Model      ] INFO  ============================================================
2026-03-09 13:47:36 [DS2.Model      ] INFO  DS2 Model Computing ...
2026-03-09 13:47:36 [DS2.Model      ] INFO  ============================================================
2026-03-09 13:47:36 [DS2.Model      ] INFO  
--- Source: RocketMQ-Source -> Watermark-Assigner (P=1) ---
2026-03-09 13:47:36 [DS2.Model      ] INFO    actual_out=1514.2/s  busy=0.000  target_out=1514.2/s  -> P: 1 -> 1
2026-03-09 13:47:36 [DS2.Model      ] INFO  
--- Hardware-Filter (P=2) ---
2026-03-09 13:47:36 [DS2.Model      ] INFO    target_input=1514.2/s
2026-03-09 13:47:36 [DS2.Model      ] INFO    per_inst=1526.7/s  target_in_margin=2271.3/s  raw_p=2  -> P: 2 -> 2  target_out=1514.2/s
2026-03-09 13:47:36 [DS2.Model      ] INFO  
--- Signal-Extraction (P=2) ---
2026-03-09 13:47:36 [DS2.Model      ] INFO    target_input=1514.2/s
2026-03-09 13:47:36 [DS2.Model      ] INFO    per_inst=1949.2/s  target_in_margin=2271.3/s  raw_p=2  -> P: 2 -> 2  target_out=1514.2/s
2026-03-09 13:47:36 [DS2.Model      ] INFO  
--- Feature-Extraction (P=2) ---
2026-03-09 13:47:36 [DS2.Model      ] INFO    target_input=1514.2/s
2026-03-09 13:47:36 [DS2.Model      ] INFO    busy=0.000 < 0.1 -> idle, keep P=2  target_out=1514.2/s
2026-03-09 13:47:36 [DS2.Model      ] INFO  
--- Grid-Aggregation (P=2) ---
2026-03-09 13:47:36 [DS2.Model      ] INFO    target_input=1514.2/s
2026-03-09 13:47:36 [DS2.Model      ] INFO    busy=0.000 < 0.1 -> idle, keep P=2  target_out=9.0/s
2026-03-09 13:47:36 [DS2.Model      ] INFO  
--- Sink: EventFeature-Sink (P=4) ---
2026-03-09 13:47:36 [DS2.Model      ] INFO    target_input=1514.2/s
2026-03-09 13:47:36 [DS2.Model      ] INFO    per_inst=62.5/s  target_in_margin=2271.3/s  raw_p=37  -> P: 4 -> 16  target_out=0.0/s
2026-03-09 13:47:36 [DS2.Model      ] INFO  
--- Sink: GridSummary-Sink (P=4) ---
2026-03-09 13:47:36 [DS2.Model      ] INFO    target_input=9.0/s
2026-03-09 13:47:36 [DS2.Model      ] INFO    busy=0.033 < 0.1 -> idle, keep P=4  target_out=0.0/s
2026-03-09 13:47:36 [DS2.Model      ] INFO  
============================================================
2026-03-09 13:47:36 [DS2.Model      ] INFO  Decision Summary:
2026-03-09 13:47:36 [DS2.Model      ] INFO  ------------------------------------------------------------
2026-03-09 13:47:36 [DS2.Model      ] INFO    Source: RocketMQ-Source -> Watermark-Assigner 1 -> 1  NO_CHANGE  (Source busy=0.000)
2026-03-09 13:47:36 [DS2.Model      ] INFO    Hardware-Filter                               2 -> 2  NO_CHANGE  (in=2271.3 per_inst=1526.7 raw_p=2 busy=0.493)
2026-03-09 13:47:36 [DS2.Model      ] INFO    Signal-Extraction                             2 -> 2  NO_CHANGE  (in=2271.3 per_inst=1949.2 raw_p=2 busy=0.204)
2026-03-09 13:47:36 [DS2.Model      ] INFO    Feature-Extraction                            2 -> 2  NO_CHANGE  (Idle (busy=0.000), capacity OK)
2026-03-09 13:47:36 [DS2.Model      ] INFO    Grid-Aggregation                              2 -> 2  NO_CHANGE  (Idle (busy=0.000), capacity OK)
2026-03-09 13:47:36 [DS2.Model      ] INFO    Sink: EventFeature-Sink                       4 -> 16  SCALE_UP [UP]  (in=2271.3 per_inst=62.5 raw_p=37 busy=1.000)
2026-03-09 13:47:36 [DS2.Model      ] INFO    Sink: GridSummary-Sink                        4 -> 4  NO_CHANGE  (Idle (busy=0.033), capacity OK)
2026-03-09 13:47:36 [DS2.Model      ] INFO  ============================================================
2026-03-09 13:47:36 [DS2.Executor   ] INFO  programArgs: --p-feature 2 --p-filter 2 --p-grid 2 --p-signal 2 --p-sink 4 --p-source 1
2026-03-09 13:47:36 [DS2.DryRun     ] INFO  
programArgs preview: --p-feature 2 --p-filter 2 --p-grid 2 --p-signal 2 --p-sink 4 --p-source 1
2026-03-09 13:47:36 [DS2.DryRun     ] INFO  
Dry-run complete. No changes applied.
